[ 2018-09-08T10:27:27+08:00 ][ info ] [ LANG ] E:\xampp\htdocs\tp5\thinkphp\lang\zh-cn.php
[ info ] [ LOG ] INIT File
[ 2018-09-08T10:27:27+08:00 ][ info ] [ LANG ] E:\xampp\htdocs\tp5\thinkphp\lang\zh-cn.php
[ info ] [ LOG ] INIT File
[ 2018-09-08T10:27:27+08:00 ][ info ] [ BIND ] 'index/Sbusinessworker'
[ 2018-09-08T10:27:27+08:00 ][ info ] [ BIND ] 'index/Sregister'
[ 2018-09-08T10:27:27+08:00 ][ info ] [ BIND ] 'index/Sbusinessworker'
[ 2018-09-08T10:27:27+08:00 ][ info ] [ BIND ] 'index/Sgateway'
[ 2018-09-08T10:27:27+08:00 ][ info ] [ ROUTE ] array (
  'type' => 'module',
  'module' => 
  array (
    0 => 'index',
    1 => 'Sbusinessworker',
    2 => '-q',
  ),
)
[ 2018-09-08T10:27:27+08:00 ][ info ] [ HEADER ] array (
)
ype' => 'module',
  'module' => 
  array (
    0 => 'index',
    1 => 'Sgateway',
    2 => '-q',
  ),
)
[ 2018-09-08T10:27:27+08:00 ][ info ] [ PARAM ] array (
)

[ 2018-09-08T10:27:27+08:00 ][ info ] [ PARAM ] array (
)
[ 2018-09-08T10:27:27+08:00 ][ info ] [ PARAM ] array (
)
[ 2018-09-08T16:19:28+08:00 ][ info ] [ LANG ] E:\xampp\htdocs\tp5\thinkphp\lang\zh-cn.php
[ info ] [ LOG ] INIT File
[ 2018-09-08T16:19:28+08:00 ][ info ] [ BIND ] 'index/Sregister'
[ 2018-09-08T16:19:28+08:00 ][ info ] [ ROUTE ] array (
  'type' => 'module',
  'module' => 
  array (
    0 => 'index',
    1 => 'Sregister',
    2 => 'start_gateway.php',
  ),
)
[ 2018-09-08T16:19:28+08:00 ][ info ] [ HEADER ] array (
)
[ 2018-09-08T16:19:28+08:00 ][ info ] [ PARAM ] array (
)
[ 2018-09-08T16:19:29+08:00 ][ info ] [ LANG ] E:\xampp\htdocs\tp5\thinkphp\lang\zh-cn.php
[ info ] [ LOG ] INIT File
[ 2018-09-08T16:19:29+08:00 ][ info ] [ BIND ] 'index/Sregister'
[ 2018-09-08T16:19:29+08:00 ][ info ] [ ROUTE ] array (
  'type' => 'module',
  'module' => 
  array (
    0 => 'index',
    1 => 'Sregister',
    2 => '-q',
  ),
)
[ 2018-09-08T16:19:29+08:00 ][ info ] [ HEADER ] array (
)
[ 2018-09-08T16:19:29+08:00 ][ info ] [ PARAM ] array (
)
[ 2018-09-08T16:19:29+08:00 ][ info ] [ LANG ] E:\xampp\htdocs\tp5\thinkphp\lang\zh-cn.php
[ info ] [ LOG ] INIT File
[ 2018-09-08T16:19:29+08:00 ][ info ] [ BIND ] 'index/Sbusinessworker'
[ 2018-09-08T16:19:29+08:00 ][ info ] [ ROUTE ] array (
  'type' => 'module',
  'module' => 
  array (
    0 => 'index',
    1 => 'Sbusinessworker',
    2 => '-q',
  ),
)
[ 2018-09-08T16:19:29+08:00 ][ info ] [ HEADER ] array (
)
[ 2018-09-08T16:19:29+08:00 ][ info ] [ PARAM ] array (
)
[ 2018-09-08T16:19:29+08:00 ][ info ] [ LANG ] E:\xampp\htdocs\tp5\thinkphp\lang\zh-cn.php
[ info ] [ LOG ] INIT File
[ 2018-09-08T16:19:29+08:00 ][ info ] [ BIND ] 'index/Sgateway'
[ 2018-09-08T16:19:29+08:00 ][ info ] [ ROUTE ] array (
  'type' => 'module',
  'module' => 
  array (
    0 => 'index',
    1 => 'Sgateway',
    2 => '-q',
  ),
)
[ 2018-09-08T16:19:29+08:00 ][ info ] [ HEADER ] array (
)
[ 2018-09-08T16:19:29+08:00 ][ info ] [ PARAM ] array (
)
[ 2018-09-08T16:46:20+08:00 ][ info ] [ LANG ] E:\xampp\htdocs\tp5\thinkphp\lang\zh-cn.php
[ info ] [ LOG ] INIT File
[ 2018-09-08T16:46:20+08:00 ][ info ] [ BIND ] 'index/Sregister'
[ 2018-09-08T16:46:20+08:00 ][ info ] [ ROUTE ] array (
  'type' => 'module',
  'module' => 
  array (
    0 => 'index',
    1 => 'Sregister',
    2 => '-q',
  ),
)
[ 2018-09-08T16:46:20+08:00 ][ info ] [ LANG ] E:\xampp\htdocs\tp5\thinkphp\lang\zh-cn.php
[ info ] [ LOG ] INIT File
[ 2018-09-08T16:46:20+08:00 ][ info ] [ HEADER ] array (
)
[ 2018-09-08T16:46:20+08:00 ][ info ] [ BIND ] 'index/Sbusinessworker'
[ 2018-09-08T16:46:20+08:00 ][ info ] [ PARAM ] array (
)
[ 2018-09-08T16:46:20+08:00 ][ info ] [ LANG ] E:\xampp\htdocs\tp5\thinkphp\lang\zh-cn.php
[ info ] [ LOG ] INIT File
[ 2018-09-08T16:46:20+08:00 ][ info ] [ ROUTE ] array (
  'type' => 'module',
  'module' => 
  array (
    0 => 'index',
    1 => 'Sbusinessworker',
    2 => '-q',
  ),
)
[ 2018-09-08T16:46:20+08:00 ][ info ] [ BIND ] 'index/Sgateway'
[ 2018-09-08T16:46:20+08:00 ][ info ] [ HEADER ] array (
)
[ 2018-09-08T16:46:20+08:00 ][ info ] [ ROUTE ] array (
  'type' => 'module',
  'module' => 
  array (
    0 => 'index',
    1 => 'Sgateway',
    2 => '-q',
  ),
)
[ 2018-09-08T16:46:20+08:00 ][ info ] [ HEADER ] array (
)
[ 2018-09-08T16:46:20+08:00 ][ info ] [ PARAM ] array (
)
[ 2018-09-08T16:46:23+08:00 ][ info ] [ LANG ] E:\xampp\htdocs\tp5\thinkphp\lang\zh-cn.php
[ info ] [ LOG ] INIT File
[ 2018-09-08T16:46:23+08:00 ][ info ] [ BIND ] 'index/Sregister'
[ 2018-09-08T16:46:23+08:00 ][ info ] [ ROUTE ] array (
  'type' => 'module',
  'module' => 
  array (
    0 => 'index',
    1 => 'Sregister',
    2 => '-q',
  ),
)
[ 2018-09-08T16:46:23+08:00 ][ info ] [ HEADER ] array (
)
[ 2018-09-08T16:46:23+08:00 ][ info ] [ PARAM ] array (
)
[ 2018-09-08T16:46:23+08:00 ][ info ] [ LANG ] E:\xampp\htdocs\tp5\thinkphp\lang\zh-cn.php
[ info ] [ LOG ] INIT File
[ 2018-09-08T16:46:23+08:00 ][ info ] [ BIND ] 'index/Sgateway'
[ 2018-09-08T16:46:23+08:00 ][ info ] [ ROUTE ] array (
  'type' => 'module',
  'module' => 
  array (
    0 => 'index',
    1 => 'Sgateway',
    2 => '-q',
  ),
)
[ 2018-09-08T16:46:23+08:00 ][ info ] [ HEADER ] array (
)
[ 2018-09-08T16:46:23+08:00 ][ info ] [ PARAM ] array (
)
[ 2018-09-08T16:46:23+08:00 ][ info ] [ LANG ] E:\xampp\htdocs\tp5\thinkphp\lang\zh-cn.php
[ info ] [ LOG ] INIT File
[ 2018-09-08T16:46:23+08:00 ][ info ] [ LANG ] E:\xampp\htdocs\tp5\thinkphp\lang\zh-cn.php
[ info ] [ LOG ] INIT File
[ 2018-09-08T16:46:23+08:00 ][ info ] [ BIND ] 'index/Sgateway'
[ 2018-09-08T16:46:23+08:00 ][ info ] [ ROUTE ] array (
  'type' => 'module',
  'module' => 
  array (
    0 => 'index',
    1 => 'Sgateway',
    2 => '-q',
  ),
)
[ 2018-09-08T16:46:23+08:00 ][ info ] [ HEADER ] array (
)
[ 2018-09-08T16:46:23+08:00 ][ info ] [ PARAM ] array (
)
[ 2018-09-08T16:46:23+08:00 ][ info ] [ LANG ] E:\xampp\htdocs\tp5\thinkphp\lang\zh-cn.php
[ info ] [ LOG ] INIT File
[ 2018-09-08T16:46:23+08:00 ][ info ] [ BIND ] 'index/Sbusinessworker'
[ 2018-09-08T16:46:23+08:00 ][ info ] [ ROUTE ] array (
  'type' => 'module',
  'module' => 
  array (
    0 => 'index',
    1 => 'Sbusinessworker',
    2 => '-q',
  ),
)
[ 2018-09-08T16:46:23+08:00 ][ info ] [ HEADER ] array (
)
[ 2018-09-08T16:46:23+08:00 ][ info ] [ PARAM ] array (
)
[ 2018-09-08T16:46:25+08:00 ][ info ] [ LANG ] E:\xampp\htdocs\tp5\thinkphp\lang\zh-cn.php
[ info ] [ LOG ] INIT File
[ 2018-09-08T16:46:25+08:00 ][ info ] [ BIND ] 'index/Sgateway'
[ 2018-09-08T16:46:25+08:00 ][ info ] [ ROUTE ] array (
  'type' => 'module',
  'module' => 
  array (
    0 => 'index',
    1 => 'Sgateway',
    2 => '-q',
  ),
)
[ 2018-09-08T16:46:25+08:00 ][ info ] [ HEADER ] array (
)
[ 2018-09-08T16:46:25+08:00 ][ info ] [ PARAM ] array (
)
[ 2018-09-08T16:46:25+08:00 ][ info ] [ LANG ] E:\xampp\htdocs\tp5\thinkphp\lang\zh-cn.php
[ info ] [ LOG ] INIT File
[ 2018-09-08T16:46:25+08:00 ][ info ] [ BIND ] 'index/Sbusinessworker'
[ 2018-09-08T16:46:25+08:00 ][ info ] [ ROUTE ] array (
  'type' => 'module',
  'module' => 
  array (
    0 => 'index',
    1 => 'Sbusinessworker',
    2 => '-q',
  ),
)
[ 2018-09-08T16:46:25+08:00 ][ info ] [ HEADER ] array (
)
[ 2018-09-08T16:46:25+08:00 ][ info ] [ PARAM ] array (
)
[ 2018-09-08T16:46:30+08:00 ][ info ] [ LANG ] E:\xampp\htdocs\tp5\thinkphp\lang\zh-cn.php
[ info ] [ LOG ] INIT File
[ 2018-09-08T16:46:30+08:00 ][ info ] [ BIND ] 'index/Sregister'
[ 2018-09-08T16:46:30+08:00 ][ info ] [ ROUTE ] array (
  'type' => 'module',
  'module' => 
  array (
    0 => 'index',
    1 => 'Sregister',
    2 => 'start_gateway.php',
  ),
)
[ 2018-09-08T16:46:30+08:00 ][ info ] [ HEADER ] array (
)
[ 2018-09-08T16:46:30+08:00 ][ info ] [ PARAM ] array (
)
[ 2018-09-08T16:46:31+08:00 ][ info ] [ LANG ] E:\xampp\htdocs\tp5\thinkphp\lang\zh-cn.php
[ info ] [ LOG ] INIT File
[ 2018-09-08T16:46:31+08:00 ][ info ] [ BIND ] 'index/Sregister'
[ 2018-09-08T16:46:31+08:00 ][ info ] [ ROUTE ] array (
  'type' => 'module',
  'module' => 
  array (
    0 => 'index',
    1 => 'Sregister',
    2 => '-q',
  ),
)
[ 2018-09-08T16:46:31+08:00 ][ info ] [ HEADER ] array (
)
[ 2018-09-08T16:46:31+08:00 ][ info ] [ PARAM ] array (
)
[ 2018-09-08T16:46:31+08:00 ][ info ] [ LANG ] E:\xampp\htdocs\tp5\thinkphp\lang\zh-cn.php
[ info ] [ LOG ] INIT File
[ 2018-09-08T16:46:31+08:00 ][ info ] [ BIND ] 'index/Sgateway'
[ 2018-09-08T16:46:31+08:00 ][ info ] [ ROUTE ] array (
  'type' => 'module',
  'module' => 
  array (
    0 => 'index',
    1 => 'Sgateway',
    2 => '-q',
  ),
)
[ 2018-09-08T16:46:31+08:00 ][ info ] [ HEADER ] array (
)
[ 2018-09-08T16:46:31+08:00 ][ info ] [ PARAM ] array (
)
[ 2018-09-08T16:46:31+08:00 ][ info ] [ LANG ] E:\xampp\htdocs\tp5\thinkphp\lang\zh-cn.php
[ info ] [ LOG ] INIT File
[ 2018-09-08T16:46:31+08:00 ][ info ] [ BIND ] 'index/Sbusinessworker'
[ 2018-09-08T16:46:31+08:00 ][ info ] [ ROUTE ] array (
  'type' => 'module',
  'module' => 
  array (
    0 => 'index',
    1 => 'Sbusinessworker',
    2 => '-q',
  ),
)
[ 2018-09-08T16:46:31+08:00 ][ info ] [ HEADER ] array (
)
[ 2018-09-08T16:46:31+08:00 ][ info ] [ PARAM ] array (
)
