[ 2018-09-10T08:39:13+08:00 ][ info ] [ LANG ] E:\xampp\htdocs\tp5\thinkphp\lang\zh-cn.php
[ info ] [ LOG ] INIT File
[ 2018-09-10T08:39:13+08:00 ][ info ] [ BIND ] 'index/Sregister'
[ 2018-09-10T08:39:13+08:00 ][ info ] [ ROUTE ] array (
  'type' => 'module',
  'module' => 
  array (
    0 => 'index',
    1 => 'Sregister',
    2 => 'start_gateway.php',
  ),
)
[ 2018-09-10T08:39:13+08:00 ][ info ] [ HEADER ] array (
)
[ 2018-09-10T08:39:13+08:00 ][ info ] [ PARAM ] array (
)
[ 2018-09-10T08:39:14+08:00 ][ info ] [ LANG ] E:\xampp\htdocs\tp5\thinkphp\lang\zh-cn.php
[ info ] [ LOG ] INIT File
[ 2018-09-10T08:39:14+08:00 ][ info ] [ BIND ] 'index/Sregister'
[ 2018-09-10T08:39:14+08:00 ][ info ] [ ROUTE ] array (
  'type' => 'module',
  'module' => 
  array (
    0 => 'index',
    1 => 'Sregister',
    2 => '-q',
  ),
)
[ 2018-09-10T08:39:14+08:00 ][ info ] [ HEADER ] array (
)
[ 2018-09-10T08:39:14+08:00 ][ info ] [ PARAM ] array (
)
[ 2018-09-10T08:39:14+08:00 ][ info ] [ LANG ] E:\xampp\htdocs\tp5\thinkphp\lang\zh-cn.php
[ info ] [ LOG ] INIT File
[ 2018-09-10T08:39:14+08:00 ][ info ] [ BIND ] 'index/Sgateway'
[ 2018-09-10T08:39:14+08:00 ][ info ] [ ROUTE ] array (
  'type' => 'module',
  'module' => 
  array (
    0 => 'index',
    1 => 'Sgateway',
    2 => '-q',
  ),
)
[ 2018-09-10T08:39:14+08:00 ][ info ] [ HEADER ] array (
)
[ 2018-09-10T08:39:14+08:00 ][ info ] [ PARAM ] array (
)
[ 2018-09-10T08:39:14+08:00 ][ info ] [ LANG ] E:\xampp\htdocs\tp5\thinkphp\lang\zh-cn.php
[ info ] [ LOG ] INIT File
[ 2018-09-10T08:39:14+08:00 ][ info ] [ BIND ] 'index/Sbusinessworker'
[ 2018-09-10T08:39:14+08:00 ][ info ] [ ROUTE ] array (
  'type' => 'module',
  'module' => 
  array (
    0 => 'index',
    1 => 'Sbusinessworker',
    2 => '-q',
  ),
)
[ 2018-09-10T08:39:14+08:00 ][ info ] [ HEADER ] array (
)
[ 2018-09-10T08:39:14+08:00 ][ info ] [ PARAM ] array (
)
[ 2018-09-10T18:53:09+08:00 ][ info ] [ LANG ] G:\xampp\htdocs\tp5\thinkphp\lang\zh-cn.php
[ info ] [ LOG ] INIT File
[ 2018-09-10T18:53:09+08:00 ][ info ] [ BIND ] 'index/Sregister'
[ 2018-09-10T18:53:09+08:00 ][ info ] [ ROUTE ] array (
  'type' => 'module',
  'module' => 
  array (
    0 => 'index',
    1 => 'Sregister',
    2 => 'start_gateway.php',
  ),
)
[ 2018-09-10T18:53:09+08:00 ][ info ] [ HEADER ] array (
)
[ 2018-09-10T18:53:09+08:00 ][ info ] [ PARAM ] array (
)
[ 2018-09-10T18:53:10+08:00 ][ info ] [ LANG ] G:\xampp\htdocs\tp5\thinkphp\lang\zh-cn.php
[ info ] [ LOG ] INIT File
[ 2018-09-10T18:53:10+08:00 ][ info ] [ BIND ] 'index/Sregister'
[ 2018-09-10T18:53:10+08:00 ][ info ] [ ROUTE ] array (
  'type' => 'module',
  'module' => 
  array (
    0 => 'index',
    1 => 'Sregister',
    2 => '-q',
  ),
)
[ 2018-09-10T18:53:10+08:00 ][ info ] [ HEADER ] array (
)
[ 2018-09-10T18:53:10+08:00 ][ info ] [ PARAM ] array (
)
[ 2018-09-10T18:53:10+08:00 ][ info ] [ LANG ] G:\xampp\htdocs\tp5\thinkphp\lang\zh-cn.php
[ info ] [ LOG ] INIT File
[ 2018-09-10T18:53:10+08:00 ][ info ] [ BIND ] 'index/Sgateway'
[ 2018-09-10T18:53:10+08:00 ][ info ] [ ROUTE ] array (
  'type' => 'module',
  'module' => 
  array (
    0 => 'index',
    1 => 'Sgateway',
    2 => '-q',
  ),
)
[ 2018-09-10T18:53:10+08:00 ][ info ] [ HEADER ] array (
)
[ 2018-09-10T18:53:10+08:00 ][ info ] [ PARAM ] array (
)
[ 2018-09-10T18:53:11+08:00 ][ info ] [ LANG ] G:\xampp\htdocs\tp5\thinkphp\lang\zh-cn.php
[ info ] [ LOG ] INIT File
[ 2018-09-10T18:53:11+08:00 ][ info ] [ BIND ] 'index/Sbusinessworker'
[ 2018-09-10T18:53:11+08:00 ][ info ] [ ROUTE ] array (
  'type' => 'module',
  'module' => 
  array (
    0 => 'index',
    1 => 'Sbusinessworker',
    2 => '-q',
  ),
)
[ 2018-09-10T18:53:11+08:00 ][ info ] [ HEADER ] array (
)
[ 2018-09-10T18:53:11+08:00 ][ info ] [ PARAM ] array (
)
[ 2018-09-10T21:47:23+08:00 ][ info ] [ LANG ] G:\xampp\htdocs\tp5\thinkphp\lang\zh-cn.php
[ info ] [ LOG ] INIT File
[ 2018-09-10T21:47:23+08:00 ][ info ] [ BIND ] 'index/Sregister'
[ 2018-09-10T21:47:23+08:00 ][ info ] [ ROUTE ] array (
  'type' => 'module',
  'module' => 
  array (
    0 => 'index',
    1 => 'Sregister',
    2 => 'start_gateway.php',
  ),
)
[ 2018-09-10T21:47:23+08:00 ][ info ] [ HEADER ] array (
)
[ 2018-09-10T21:47:23+08:00 ][ info ] [ PARAM ] array (
)
[ 2018-09-10T21:47:24+08:00 ][ info ] [ LANG ] G:\xampp\htdocs\tp5\thinkphp\lang\zh-cn.php
[ info ] [ LOG ] INIT File
[ 2018-09-10T21:47:24+08:00 ][ info ] [ BIND ] 'index/Sregister'
[ 2018-09-10T21:47:24+08:00 ][ info ] [ ROUTE ] array (
  'type' => 'module',
  'module' => 
  array (
    0 => 'index',
    1 => 'Sregister',
    2 => '-q',
  ),
)
[ 2018-09-10T21:47:24+08:00 ][ info ] [ HEADER ] array (
)
[ 2018-09-10T21:47:24+08:00 ][ info ] [ PARAM ] array (
)
[ 2018-09-10T21:47:24+08:00 ][ info ] [ LANG ] G:\xampp\htdocs\tp5\thinkphp\lang\zh-cn.php
[ info ] [ LOG ] INIT File
[ 2018-09-10T21:47:24+08:00 ][ info ] [ BIND ] 'index/Sgateway'
[ 2018-09-10T21:47:24+08:00 ][ info ] [ ROUTE ] array (
  'type' => 'module',
  'module' => 
  array (
    0 => 'index',
    1 => 'Sgateway',
    2 => '-q',
  ),
)
[ 2018-09-10T21:47:24+08:00 ][ info ] [ HEADER ] array (
)
[ 2018-09-10T21:47:24+08:00 ][ info ] [ PARAM ] array (
)
[ 2018-09-10T21:47:24+08:00 ][ info ] [ LANG ] G:\xampp\htdocs\tp5\thinkphp\lang\zh-cn.php
[ info ] [ LOG ] INIT File
[ 2018-09-10T21:47:24+08:00 ][ info ] [ BIND ] 'index/Sbusinessworker'
[ 2018-09-10T21:47:24+08:00 ][ info ] [ ROUTE ] array (
  'type' => 'module',
  'module' => 
  array (
    0 => 'index',
    1 => 'Sbusinessworker',
    2 => '-q',
  ),
)
[ 2018-09-10T21:47:24+08:00 ][ info ] [ HEADER ] array (
)
[ 2018-09-10T21:47:24+08:00 ][ info ] [ PARAM ] array (
)
[ 2018-09-10T21:48:04+08:00 ][ info ] [ LANG ] G:\xampp\htdocs\tp5\thinkphp\lang\zh-cn.php
[ info ] [ LOG ] INIT File
[ 2018-09-10T21:48:04+08:00 ][ info ] [ BIND ] 'index/Sgateway'
[ 2018-09-10T21:48:04+08:00 ][ info ] [ ROUTE ] array (
  'type' => 'module',
  'module' => 
  array (
    0 => 'index',
    1 => 'Sgateway',
    2 => '-q',
  ),
)
[ 2018-09-10T21:48:04+08:00 ][ info ] [ HEADER ] array (
)
[ 2018-09-10T21:48:04+08:00 ][ info ] [ PARAM ] array (
)
[ 2018-09-10T21:48:04+08:00 ][ info ] [ LANG ] G:\xampp\htdocs\tp5\thinkphp\lang\zh-cn.php
[ info ] [ LOG ] INIT File
[ 2018-09-10T21:48:04+08:00 ][ info ] [ BIND ] 'index/Sbusinessworker'
[ 2018-09-10T21:48:04+08:00 ][ info ] [ ROUTE ] array (
  'type' => 'module',
  'module' => 
  array (
    0 => 'index',
    1 => 'Sbusinessworker',
    2 => '-q',
  ),
)
[ 2018-09-10T21:48:04+08:00 ][ info ] [ HEADER ] array (
)
[ 2018-09-10T21:48:04+08:00 ][ info ] [ PARAM ] array (
)
[ 2018-09-10T21:48:10+08:00 ][ info ] [ LANG ] G:\xampp\htdocs\tp5\thinkphp\lang\zh-cn.php
[ info ] [ LOG ] INIT File
[ 2018-09-10T21:48:10+08:00 ][ info ] [ BIND ] 'index/Sgateway'
[ 2018-09-10T21:48:10+08:00 ][ info ] [ ROUTE ] array (
  'type' => 'module',
  'module' => 
  array (
    0 => 'index',
    1 => 'Sgateway',
    2 => '-q',
  ),
)
[ 2018-09-10T21:48:10+08:00 ][ info ] [ HEADER ] array (
)
[ 2018-09-10T21:48:11+08:00 ][ info ] [ PARAM ] array (
)
[ 2018-09-10T21:48:11+08:00 ][ info ] [ LANG ] G:\xampp\htdocs\tp5\thinkphp\lang\zh-cn.php
[ info ] [ LOG ] INIT File
[ 2018-09-10T21:48:11+08:00 ][ info ] [ BIND ] 'index/Sbusinessworker'
[ 2018-09-10T21:48:11+08:00 ][ info ] [ ROUTE ] array (
  'type' => 'module',
  'module' => 
  array (
    0 => 'index',
    1 => 'Sbusinessworker',
    2 => '-q',
  ),
)
[ 2018-09-10T21:48:11+08:00 ][ info ] [ HEADER ] array (
)
[ 2018-09-10T21:48:11+08:00 ][ info ] [ PARAM ] array (
)
[ 2018-09-10T21:49:06+08:00 ][ info ] [ LANG ] G:\xampp\htdocs\tp5\thinkphp\lang\zh-cn.php
[ info ] [ LOG ] INIT File
[ 2018-09-10T21:49:06+08:00 ][ info ] [ BIND ] 'index/Sgateway'
[ 2018-09-10T21:49:06+08:00 ][ info ] [ ROUTE ] array (
  'type' => 'module',
  'module' => 
  array (
    0 => 'index',
    1 => 'Sgateway',
    2 => '-q',
  ),
)
[ 2018-09-10T21:49:06+08:00 ][ info ] [ HEADER ] array (
)
[ 2018-09-10T21:49:06+08:00 ][ info ] [ PARAM ] array (
)
[ 2018-09-10T21:49:06+08:00 ][ info ] [ LANG ] G:\xampp\htdocs\tp5\thinkphp\lang\zh-cn.php
[ info ] [ LOG ] INIT File
[ 2018-09-10T21:49:06+08:00 ][ info ] [ BIND ] 'index/Sbusinessworker'
[ 2018-09-10T21:49:06+08:00 ][ info ] [ ROUTE ] array (
  'type' => 'module',
  'module' => 
  array (
    0 => 'index',
    1 => 'Sbusinessworker',
    2 => '-q',
  ),
)
[ 2018-09-10T21:49:06+08:00 ][ info ] [ HEADER ] array (
)
[ 2018-09-10T21:49:06+08:00 ][ info ] [ PARAM ] array (
)
[ 2018-09-10T21:51:04+08:00 ][ info ] [ LANG ] G:\xampp\htdocs\tp5\thinkphp\lang\zh-cn.php
[ info ] [ LOG ] INIT File
[ 2018-09-10T21:51:04+08:00 ][ info ] [ BIND ] 'index/Sregister'
[ 2018-09-10T21:51:04+08:00 ][ info ] [ ROUTE ] array (
  'type' => 'module',
  'module' => 
  array (
    0 => 'index',
    1 => 'Sregister',
    2 => 'start_gateway.php',
  ),
)
[ 2018-09-10T21:51:04+08:00 ][ info ] [ HEADER ] array (
)
[ 2018-09-10T21:51:04+08:00 ][ info ] [ PARAM ] array (
)
[ 2018-09-10T21:51:05+08:00 ][ info ] [ LANG ] G:\xampp\htdocs\tp5\thinkphp\lang\zh-cn.php
[ info ] [ LOG ] INIT File
[ 2018-09-10T21:51:05+08:00 ][ info ] [ BIND ] 'index/Sregister'
[ 2018-09-10T21:51:05+08:00 ][ info ] [ ROUTE ] array (
  'type' => 'module',
  'module' => 
  array (
    0 => 'index',
    1 => 'Sregister',
    2 => '-q',
  ),
)
[ 2018-09-10T21:51:05+08:00 ][ info ] [ HEADER ] array (
)
[ 2018-09-10T21:51:05+08:00 ][ info ] [ PARAM ] array (
)
[ 2018-09-10T21:51:05+08:00 ][ info ] [ LANG ] G:\xampp\htdocs\tp5\thinkphp\lang\zh-cn.php
[ info ] [ LOG ] INIT File
[ 2018-09-10T21:51:05+08:00 ][ info ] [ BIND ] 'index/Sgateway'
[ 2018-09-10T21:51:05+08:00 ][ info ] [ ROUTE ] array (
  'type' => 'module',
  'module' => 
  array (
    0 => 'index',
    1 => 'Sgateway',
    2 => '-q',
  ),
)
[ 2018-09-10T21:51:05+08:00 ][ info ] [ HEADER ] array (
)
[ 2018-09-10T21:51:05+08:00 ][ info ] [ PARAM ] array (
)
[ 2018-09-10T21:51:05+08:00 ][ info ] [ LANG ] G:\xampp\htdocs\tp5\thinkphp\lang\zh-cn.php
[ info ] [ LOG ] INIT File
[ 2018-09-10T21:51:05+08:00 ][ info ] [ BIND ] 'index/Sbusinessworker'
[ 2018-09-10T21:51:05+08:00 ][ info ] [ ROUTE ] array (
  'type' => 'module',
  'module' => 
  array (
    0 => 'index',
    1 => 'Sbusinessworker',
    2 => '-q',
  ),
)
[ 2018-09-10T21:51:05+08:00 ][ info ] [ HEADER ] array (
)
[ 2018-09-10T21:51:05+08:00 ][ info ] [ PARAM ] array (
)
[ 2018-09-10T21:52:53+08:00 ][ info ] [ LANG ] G:\xampp\htdocs\tp5\thinkphp\lang\zh-cn.php
[ info ] [ LOG ] INIT File
[ 2018-09-10T21:52:53+08:00 ][ info ] [ BIND ] 'index/Sregister'
[ 2018-09-10T21:52:53+08:00 ][ info ] [ ROUTE ] array (
  'type' => 'module',
  'module' => 
  array (
    0 => 'index',
    1 => 'Sregister',
    2 => 'start_gateway.php',
  ),
)
[ 2018-09-10T21:52:53+08:00 ][ info ] [ HEADER ] array (
)
[ 2018-09-10T21:52:53+08:00 ][ info ] [ PARAM ] array (
)
[ 2018-09-10T21:53:32+08:00 ][ info ] [ LANG ] G:\xampp\htdocs\tp5\thinkphp\lang\zh-cn.php
[ info ] [ LOG ] INIT File
[ 2018-09-10T21:53:32+08:00 ][ info ] [ BIND ] 'index/Sregister'
[ 2018-09-10T21:53:32+08:00 ][ info ] [ ROUTE ] array (
  'type' => 'module',
  'module' => 
  array (
    0 => 'index',
    1 => 'Sregister',
    2 => 'start_gateway.php',
  ),
)
[ 2018-09-10T21:53:32+08:00 ][ info ] [ HEADER ] array (
)
[ 2018-09-10T21:53:32+08:00 ][ info ] [ PARAM ] array (
)
[ 2018-09-10T21:53:33+08:00 ][ info ] [ LANG ] G:\xampp\htdocs\tp5\thinkphp\lang\zh-cn.php
[ info ] [ LOG ] INIT File
[ 2018-09-10T21:53:33+08:00 ][ info ] [ BIND ] 'index/Sregister'
[ 2018-09-10T21:53:33+08:00 ][ info ] [ ROUTE ] array (
  'type' => 'module',
  'module' => 
  array (
    0 => 'index',
    1 => 'Sregister',
    2 => '-q',
  ),
)
[ 2018-09-10T21:53:33+08:00 ][ info ] [ HEADER ] array (
)
[ 2018-09-10T21:53:33+08:00 ][ info ] [ PARAM ] array (
)
[ 2018-09-10T21:53:33+08:00 ][ info ] [ LANG ] G:\xampp\htdocs\tp5\thinkphp\lang\zh-cn.php
[ info ] [ LOG ] INIT File
[ 2018-09-10T21:53:33+08:00 ][ info ] [ BIND ] 'index/Sgateway'
[ 2018-09-10T21:53:33+08:00 ][ info ] [ ROUTE ] array (
  'type' => 'module',
  'module' => 
  array (
    0 => 'index',
    1 => 'Sgateway',
    2 => '-q',
  ),
)
[ 2018-09-10T21:53:33+08:00 ][ info ] [ HEADER ] array (
)
[ 2018-09-10T21:53:33+08:00 ][ info ] [ PARAM ] array (
)
[ 2018-09-10T21:53:33+08:00 ][ info ] [ LANG ] G:\xampp\htdocs\tp5\thinkphp\lang\zh-cn.php
[ info ] [ LOG ] INIT File
[ 2018-09-10T21:53:33+08:00 ][ info ] [ BIND ] 'index/Sbusinessworker'
[ 2018-09-10T21:53:33+08:00 ][ info ] [ ROUTE ] array (
  'type' => 'module',
  'module' => 
  array (
    0 => 'index',
    1 => 'Sbusinessworker',
    2 => '-q',
  ),
)
[ 2018-09-10T21:53:33+08:00 ][ info ] [ HEADER ] array (
)
[ 2018-09-10T21:53:33+08:00 ][ info ] [ PARAM ] array (
)
[ 2018-09-10T21:54:25+08:00 ][ info ] [ LANG ] G:\xampp\htdocs\tp5\thinkphp\lang\zh-cn.php
[ info ] [ LOG ] INIT File
[ 2018-09-10T21:54:25+08:00 ][ info ] [ BIND ] 'index/Sregister'
[ 2018-09-10T21:54:25+08:00 ][ info ] [ ROUTE ] array (
  'type' => 'module',
  'module' => 
  array (
    0 => 'index',
    1 => 'Sregister',
    2 => 'start_gateway.php',
  ),
)
[ 2018-09-10T21:54:25+08:00 ][ info ] [ HEADER ] array (
)
[ 2018-09-10T21:54:25+08:00 ][ info ] [ PARAM ] array (
)
[ 2018-09-10T21:54:25+08:00 ][ info ] [ LANG ] G:\xampp\htdocs\tp5\thinkphp\lang\zh-cn.php
[ info ] [ LOG ] INIT File
[ 2018-09-10T21:54:25+08:00 ][ info ] [ BIND ] 'index/Sregister'
[ 2018-09-10T21:54:25+08:00 ][ info ] [ ROUTE ] array (
  'type' => 'module',
  'module' => 
  array (
    0 => 'index',
    1 => 'Sregister',
    2 => '-q',
  ),
)
[ 2018-09-10T21:54:25+08:00 ][ info ] [ HEADER ] array (
)
[ 2018-09-10T21:54:25+08:00 ][ info ] [ PARAM ] array (
)
[ 2018-09-10T21:54:25+08:00 ][ info ] [ LANG ] G:\xampp\htdocs\tp5\thinkphp\lang\zh-cn.php
[ info ] [ LOG ] INIT File
[ 2018-09-10T21:54:25+08:00 ][ info ] [ BIND ] 'index/Sgateway'
[ 2018-09-10T21:54:25+08:00 ][ info ] [ ROUTE ] array (
  'type' => 'module',
  'module' => 
  array (
    0 => 'index',
    1 => 'Sgateway',
    2 => '-q',
  ),
)
[ 2018-09-10T21:54:25+08:00 ][ info ] [ HEADER ] array (
)
[ 2018-09-10T21:54:25+08:00 ][ info ] [ PARAM ] array (
)
[ 2018-09-10T21:54:25+08:00 ][ info ] [ LANG ] G:\xampp\htdocs\tp5\thinkphp\lang\zh-cn.php
[ info ] [ LOG ] INIT File
[ 2018-09-10T21:54:26+08:00 ][ info ] [ BIND ] 'index/Sbusinessworker'
[ 2018-09-10T21:54:26+08:00 ][ info ] [ ROUTE ] array (
  'type' => 'module',
  'module' => 
  array (
    0 => 'index',
    1 => 'Sbusinessworker',
    2 => '-q',
  ),
)
[ 2018-09-10T21:54:26+08:00 ][ info ] [ HEADER ] array (
)
[ 2018-09-10T21:54:26+08:00 ][ info ] [ PARAM ] array (
)
[ 2018-09-10T23:01:43+08:00 ][ info ] [ LANG ] G:\xampp\htdocs\tp5\thinkphp\lang\zh-cn.php
[ info ] [ LOG ] INIT File
[ 2018-09-10T23:01:43+08:00 ][ info ] [ BIND ] 'index/Sbusinessworker'
[ 2018-09-10T23:01:43+08:00 ][ info ] [ ROUTE ] array (
  'type' => 'module',
  'module' => 
  array (
    0 => 'index',
    1 => 'Sbusinessworker',
    2 => '-q',
  ),
)
[ 2018-09-10T23:01:43+08:00 ][ info ] [ HEADER ] array (
)
[ 2018-09-10T23:01:43+08:00 ][ info ] [ PARAM ] array (
)
[ 2018-09-10T23:01:43+08:00 ][ info ] [ LANG ] G:\xampp\htdocs\tp5\thinkphp\lang\zh-cn.php
[ info ] [ LOG ] INIT File
[ 2018-09-10T23:01:43+08:00 ][ info ] [ BIND ] 'index/Sregister'
[ 2018-09-10T23:01:43+08:00 ][ info ] [ ROUTE ] array (
  'type' => 'module',
  'module' => 
  array (
    0 => 'index',
    1 => 'Sregister',
    2 => '-q',
  ),
)
[ 2018-09-10T23:01:43+08:00 ][ info ] [ HEADER ] array (
)
[ 2018-09-10T23:01:43+08:00 ][ info ] [ PARAM ] array (
)
[ 2018-09-10T23:01:43+08:00 ][ info ] [ LANG ] G:\xampp\htdocs\tp5\thinkphp\lang\zh-cn.php
[ info ] [ LOG ] INIT File
[ 2018-09-10T23:01:43+08:00 ][ info ] [ BIND ] 'index/Sgateway'
[ 2018-09-10T23:01:43+08:00 ][ info ] [ ROUTE ] array (
  'type' => 'module',
  'module' => 
  array (
    0 => 'index',
    1 => 'Sgateway',
    2 => '-q',
  ),
)
[ 2018-09-10T23:01:43+08:00 ][ info ] [ HEADER ] array (
)
[ 2018-09-10T23:01:43+08:00 ][ info ] [ PARAM ] array (
)
[ 2018-09-10T23:06:12+08:00 ][ info ] [ LANG ] G:\xampp\htdocs\tp5\thinkphp\lang\zh-cn.php
[ info ] [ LOG ] INIT File
[ 2018-09-10T23:06:12+08:00 ][ info ] [ BIND ] 'index/Sregister'
[ 2018-09-10T23:06:12+08:00 ][ info ] [ ROUTE ] array (
  'type' => 'module',
  'module' => 
  array (
    0 => 'index',
    1 => 'Sregister',
    2 => 'start_gateway.php',
  ),
)
[ 2018-09-10T23:06:12+08:00 ][ info ] [ HEADER ] array (
)
[ 2018-09-10T23:06:12+08:00 ][ info ] [ PARAM ] array (
)
[ 2018-09-10T23:06:13+08:00 ][ info ] [ LANG ] G:\xampp\htdocs\tp5\thinkphp\lang\zh-cn.php
[ info ] [ LOG ] INIT File
[ 2018-09-10T23:06:13+08:00 ][ info ] [ BIND ] 'index/Sregister'
[ 2018-09-10T23:06:13+08:00 ][ info ] [ ROUTE ] array (
  'type' => 'module',
  'module' => 
  array (
    0 => 'index',
    1 => 'Sregister',
    2 => '-q',
  ),
)
[ 2018-09-10T23:06:13+08:00 ][ info ] [ HEADER ] array (
)
[ 2018-09-10T23:06:13+08:00 ][ info ] [ PARAM ] array (
)
[ 2018-09-10T23:06:13+08:00 ][ info ] [ LANG ] G:\xampp\htdocs\tp5\thinkphp\lang\zh-cn.php
[ info ] [ LOG ] INIT File
[ 2018-09-10T23:06:13+08:00 ][ info ] [ BIND ] 'index/Sgateway'
[ 2018-09-10T23:06:13+08:00 ][ info ] [ ROUTE ] array (
  'type' => 'module',
  'module' => 
  array (
    0 => 'index',
    1 => 'Sgateway',
    2 => '-q',
  ),
)
[ 2018-09-10T23:06:13+08:00 ][ info ] [ HEADER ] array (
)
[ 2018-09-10T23:06:13+08:00 ][ info ] [ PARAM ] array (
)
[ 2018-09-10T23:06:13+08:00 ][ info ] [ LANG ] G:\xampp\htdocs\tp5\thinkphp\lang\zh-cn.php
[ info ] [ LOG ] INIT File
[ 2018-09-10T23:06:13+08:00 ][ info ] [ BIND ] 'index/Sbusinessworker'
[ 2018-09-10T23:06:13+08:00 ][ info ] [ ROUTE ] array (
  'type' => 'module',
  'module' => 
  array (
    0 => 'index',
    1 => 'Sbusinessworker',
    2 => '-q',
  ),
)
[ 2018-09-10T23:06:13+08:00 ][ info ] [ HEADER ] array (
)
[ 2018-09-10T23:06:13+08:00 ][ info ] [ PARAM ] array (
)
[ 2018-09-10T23:06:41+08:00 ][ info ] [ LANG ] G:\xampp\htdocs\tp5\thinkphp\lang\zh-cn.php
[ info ] [ LOG ] INIT File
[ 2018-09-10T23:06:41+08:00 ][ info ] [ BIND ] 'index/Sgateway'
[ 2018-09-10T23:06:41+08:00 ][ info ] [ ROUTE ] array (
  'type' => 'module',
  'module' => 
  array (
    0 => 'index',
    1 => 'Sgateway',
    2 => '-q',
  ),
)
[ 2018-09-10T23:06:41+08:00 ][ info ] [ HEADER ] array (
)
[ 2018-09-10T23:06:41+08:00 ][ info ] [ PARAM ] array (
)
[ 2018-09-10T23:06:41+08:00 ][ info ] [ LANG ] G:\xampp\htdocs\tp5\thinkphp\lang\zh-cn.php
[ info ] [ LOG ] INIT File
[ 2018-09-10T23:06:41+08:00 ][ info ] [ BIND ] 'index/Sbusinessworker'
[ 2018-09-10T23:06:41+08:00 ][ info ] [ ROUTE ] array (
  'type' => 'module',
  'module' => 
  array (
    0 => 'index',
    1 => 'Sbusinessworker',
    2 => '-q',
  ),
)
[ 2018-09-10T23:06:41+08:00 ][ info ] [ HEADER ] array (
)
[ 2018-09-10T23:06:41+08:00 ][ info ] [ PARAM ] array (
)
[ 2018-09-10T23:07:07+08:00 ][ info ] [ LANG ] G:\xampp\htdocs\tp5\thinkphp\lang\zh-cn.php
[ info ] [ LOG ] INIT File
[ 2018-09-10T23:07:07+08:00 ][ info ] [ BIND ] 'index/Sregister'
[ 2018-09-10T23:07:07+08:00 ][ info ] [ ROUTE ] array (
  'type' => 'module',
  'module' => 
  array (
    0 => 'index',
    1 => 'Sregister',
    2 => 'start_gateway.php',
  ),
)
[ 2018-09-10T23:07:07+08:00 ][ info ] [ HEADER ] array (
)
[ 2018-09-10T23:07:07+08:00 ][ info ] [ PARAM ] array (
)
[ 2018-09-10T23:07:07+08:00 ][ info ] [ LANG ] G:\xampp\htdocs\tp5\thinkphp\lang\zh-cn.php
[ info ] [ LOG ] INIT File
[ 2018-09-10T23:07:07+08:00 ][ info ] [ BIND ] 'index/Sregister'
[ 2018-09-10T23:07:07+08:00 ][ info ] [ ROUTE ] array (
  'type' => 'module',
  'module' => 
  array (
    0 => 'index',
    1 => 'Sregister',
    2 => '-q',
  ),
)
[ 2018-09-10T23:07:07+08:00 ][ info ] [ HEADER ] array (
)
[ 2018-09-10T23:07:07+08:00 ][ info ] [ PARAM ] array (
)
[ 2018-09-10T23:07:08+08:00 ][ info ] [ LANG ] G:\xampp\htdocs\tp5\thinkphp\lang\zh-cn.php
[ info ] [ LOG ] INIT File
[ 2018-09-10T23:07:08+08:00 ][ info ] [ BIND ] 'index/Sgateway'
[ 2018-09-10T23:07:08+08:00 ][ info ] [ ROUTE ] array (
  'type' => 'module',
  'module' => 
  array (
    0 => 'index',
    1 => 'Sgateway',
    2 => '-q',
  ),
)
[ 2018-09-10T23:07:08+08:00 ][ info ] [ HEADER ] array (
)
[ 2018-09-10T23:07:08+08:00 ][ info ] [ PARAM ] array (
)
[ 2018-09-10T23:07:08+08:00 ][ info ] [ LANG ] G:\xampp\htdocs\tp5\thinkphp\lang\zh-cn.php
[ info ] [ LOG ] INIT File
[ 2018-09-10T23:07:08+08:00 ][ info ] [ BIND ] 'index/Sbusinessworker'
[ 2018-09-10T23:07:08+08:00 ][ info ] [ ROUTE ] array (
  'type' => 'module',
  'module' => 
  array (
    0 => 'index',
    1 => 'Sbusinessworker',
    2 => '-q',
  ),
)
[ 2018-09-10T23:07:08+08:00 ][ info ] [ HEADER ] array (
)
[ 2018-09-10T23:07:08+08:00 ][ info ] [ PARAM ] array (
)
[ 2018-09-10T23:07:31+08:00 ][ info ] [ LANG ] G:\xampp\htdocs\tp5\thinkphp\lang\zh-cn.php
[ info ] [ LOG ] INIT File
[ 2018-09-10T23:07:31+08:00 ][ info ] [ BIND ] 'index/Sregister'
[ 2018-09-10T23:07:31+08:00 ][ info ] [ ROUTE ] array (
  'type' => 'module',
  'module' => 
  array (
    0 => 'index',
    1 => 'Sregister',
    2 => 'start_gateway.php',
  ),
)
[ 2018-09-10T23:07:31+08:00 ][ info ] [ HEADER ] array (
)
[ 2018-09-10T23:07:31+08:00 ][ info ] [ PARAM ] array (
)
[ 2018-09-10T23:07:32+08:00 ][ info ] [ LANG ] G:\xampp\htdocs\tp5\thinkphp\lang\zh-cn.php
[ info ] [ LOG ] INIT File
[ 2018-09-10T23:07:32+08:00 ][ info ] [ BIND ] 'index/Sregister'
[ 2018-09-10T23:07:32+08:00 ][ info ] [ ROUTE ] array (
  'type' => 'module',
  'module' => 
  array (
    0 => 'index',
    1 => 'Sregister',
    2 => '-q',
  ),
)
[ 2018-09-10T23:07:32+08:00 ][ info ] [ HEADER ] array (
)
[ 2018-09-10T23:07:32+08:00 ][ info ] [ PARAM ] array (
)
[ 2018-09-10T23:07:32+08:00 ][ info ] [ LANG ] G:\xampp\htdocs\tp5\thinkphp\lang\zh-cn.php
[ info ] [ LOG ] INIT File
[ 2018-09-10T23:07:32+08:00 ][ info ] [ BIND ] 'index/Sgateway'
[ 2018-09-10T23:07:32+08:00 ][ info ] [ ROUTE ] array (
  'type' => 'module',
  'module' => 
  array (
    0 => 'index',
    1 => 'Sgateway',
    2 => '-q',
  ),
)
[ 2018-09-10T23:07:32+08:00 ][ info ] [ HEADER ] array (
)
[ 2018-09-10T23:07:32+08:00 ][ info ] [ PARAM ] array (
)
[ 2018-09-10T23:07:32+08:00 ][ info ] [ LANG ] G:\xampp\htdocs\tp5\thinkphp\lang\zh-cn.php
[ info ] [ LOG ] INIT File
[ 2018-09-10T23:07:32+08:00 ][ info ] [ BIND ] 'index/Sbusinessworker'
[ 2018-09-10T23:07:32+08:00 ][ info ] [ ROUTE ] array (
  'type' => 'module',
  'module' => 
  array (
    0 => 'index',
    1 => 'Sbusinessworker',
    2 => '-q',
  ),
)
[ 2018-09-10T23:07:32+08:00 ][ info ] [ HEADER ] array (
)
[ 2018-09-10T23:07:32+08:00 ][ info ] [ PARAM ] array (
)
[ 2018-09-10T23:17:23+08:00 ][ info ] [ LANG ] G:\xampp\htdocs\tp5\thinkphp\lang\zh-cn.php
[ info ] [ LOG ] INIT File
[ 2018-09-10T23:17:23+08:00 ][ info ] [ BIND ] 'index/Sregister'
[ 2018-09-10T23:17:23+08:00 ][ info ] [ ROUTE ] array (
  'type' => 'module',
  'module' => 
  array (
    0 => 'index',
    1 => 'Sregister',
    2 => 'start_gateway.php',
  ),
)
[ 2018-09-10T23:17:23+08:00 ][ info ] [ HEADER ] array (
)
[ 2018-09-10T23:17:23+08:00 ][ info ] [ PARAM ] array (
)
[ 2018-09-10T23:17:24+08:00 ][ info ] [ LANG ] G:\xampp\htdocs\tp5\thinkphp\lang\zh-cn.php
[ info ] [ LOG ] INIT File
[ 2018-09-10T23:17:24+08:00 ][ info ] [ BIND ] 'index/Sregister'
[ 2018-09-10T23:17:24+08:00 ][ info ] [ ROUTE ] array (
  'type' => 'module',
  'module' => 
  array (
    0 => 'index',
    1 => 'Sregister',
    2 => '-q',
  ),
)
[ 2018-09-10T23:17:24+08:00 ][ info ] [ HEADER ] array (
)
[ 2018-09-10T23:17:24+08:00 ][ info ] [ PARAM ] array (
)
[ 2018-09-10T23:17:24+08:00 ][ info ] [ LANG ] G:\xampp\htdocs\tp5\thinkphp\lang\zh-cn.php
[ info ] [ LOG ] INIT File
[ 2018-09-10T23:17:24+08:00 ][ info ] [ BIND ] 'index/Sgateway'
[ 2018-09-10T23:17:24+08:00 ][ info ] [ ROUTE ] array (
  'type' => 'module',
  'module' => 
  array (
    0 => 'index',
    1 => 'Sgateway',
    2 => '-q',
  ),
)
[ 2018-09-10T23:17:24+08:00 ][ info ] [ HEADER ] array (
)
[ 2018-09-10T23:17:24+08:00 ][ info ] [ PARAM ] array (
)
[ 2018-09-10T23:17:24+08:00 ][ info ] [ LANG ] G:\xampp\htdocs\tp5\thinkphp\lang\zh-cn.php
[ info ] [ LOG ] INIT File
[ 2018-09-10T23:17:24+08:00 ][ info ] [ BIND ] 'index/Sbusinessworker'
[ 2018-09-10T23:17:24+08:00 ][ info ] [ ROUTE ] array (
  'type' => 'module',
  'module' => 
  array (
    0 => 'index',
    1 => 'Sbusinessworker',
    2 => '-q',
  ),
)
[ 2018-09-10T23:17:24+08:00 ][ info ] [ HEADER ] array (
)
[ 2018-09-10T23:17:24+08:00 ][ info ] [ PARAM ] array (
)
[ 2018-09-10T23:21:10+08:00 ][ info ] [ LANG ] G:\xampp\htdocs\tp5\thinkphp\lang\zh-cn.php
[ info ] [ LOG ] INIT File
[ 2018-09-10T23:21:10+08:00 ][ info ] [ BIND ] 'index/Sgateway'
[ 2018-09-10T23:21:10+08:00 ][ info ] [ ROUTE ] array (
  'type' => 'module',
  'module' => 
  array (
    0 => 'index',
    1 => 'Sgateway',
    2 => '-q',
  ),
)
[ 2018-09-10T23:21:10+08:00 ][ info ] [ HEADER ] array (
)
[ 2018-09-10T23:21:10+08:00 ][ info ] [ PARAM ] array (
)
[ 2018-09-10T23:21:10+08:00 ][ info ] [ LANG ] G:\xampp\htdocs\tp5\thinkphp\lang\zh-cn.php
[ info ] [ LOG ] INIT File
[ 2018-09-10T23:21:10+08:00 ][ info ] [ BIND ] 'index/Sbusinessworker'
[ 2018-09-10T23:21:10+08:00 ][ info ] [ ROUTE ] array (
  'type' => 'module',
  'module' => 
  array (
    0 => 'index',
    1 => 'Sbusinessworker',
    2 => '-q',
  ),
)
[ 2018-09-10T23:21:10+08:00 ][ info ] [ HEADER ] array (
)
[ 2018-09-10T23:21:10+08:00 ][ info ] [ PARAM ] array (
)
[ 2018-09-10T23:22:08+08:00 ][ info ] [ LANG ] G:\xampp\htdocs\tp5\thinkphp\lang\zh-cn.php
[ info ] [ LOG ] INIT File
[ 2018-09-10T23:22:08+08:00 ][ info ] [ BIND ] 'index/Sgateway'
[ 2018-09-10T23:22:08+08:00 ][ info ] [ ROUTE ] array (
  'type' => 'module',
  'module' => 
  array (
    0 => 'index',
    1 => 'Sgateway',
    2 => '-q',
  ),
)
[ 2018-09-10T23:22:08+08:00 ][ info ] [ HEADER ] array (
)
[ 2018-09-10T23:22:08+08:00 ][ info ] [ PARAM ] array (
)
[ 2018-09-10T23:22:08+08:00 ][ info ] [ LANG ] G:\xampp\htdocs\tp5\thinkphp\lang\zh-cn.php
[ info ] [ LOG ] INIT File
[ 2018-09-10T23:22:08+08:00 ][ info ] [ BIND ] 'index/Sbusinessworker'
[ 2018-09-10T23:22:08+08:00 ][ info ] [ ROUTE ] array (
  'type' => 'module',
  'module' => 
  array (
    0 => 'index',
    1 => 'Sbusinessworker',
    2 => '-q',
  ),
)
[ 2018-09-10T23:22:08+08:00 ][ info ] [ HEADER ] array (
)
[ 2018-09-10T23:22:08+08:00 ][ info ] [ PARAM ] array (
)
[ 2018-09-10T23:26:35+08:00 ][ info ] [ LANG ] G:\xampp\htdocs\tp5\thinkphp\lang\zh-cn.php
[ info ] [ LOG ] INIT File
[ 2018-09-10T23:26:35+08:00 ][ info ] [ BIND ] 'index/Sgateway'
[ 2018-09-10T23:26:35+08:00 ][ info ] [ ROUTE ] array (
  'type' => 'module',
  'module' => 
  array (
    0 => 'index',
    1 => 'Sgateway',
    2 => '-q',
  ),
)
[ 2018-09-10T23:26:35+08:00 ][ info ] [ HEADER ] array (
)
[ 2018-09-10T23:26:35+08:00 ][ info ] [ PARAM ] array (
)
[ 2018-09-10T23:26:35+08:00 ][ info ] [ LANG ] G:\xampp\htdocs\tp5\thinkphp\lang\zh-cn.php
[ info ] [ LOG ] INIT File
[ 2018-09-10T23:26:35+08:00 ][ info ] [ BIND ] 'index/Sbusinessworker'
[ 2018-09-10T23:26:35+08:00 ][ info ] [ ROUTE ] array (
  'type' => 'module',
  'module' => 
  array (
    0 => 'index',
    1 => 'Sbusinessworker',
    2 => '-q',
  ),
)
[ 2018-09-10T23:26:35+08:00 ][ info ] [ HEADER ] array (
)
[ 2018-09-10T23:26:35+08:00 ][ info ] [ PARAM ] array (
)
[ 2018-09-10T23:27:01+08:00 ][ info ] [ LANG ] G:\xampp\htdocs\tp5\thinkphp\lang\zh-cn.php
[ info ] [ LOG ] INIT File
[ 2018-09-10T23:27:01+08:00 ][ info ] [ BIND ] 'index/Sregister'
[ 2018-09-10T23:27:01+08:00 ][ info ] [ ROUTE ] array (
  'type' => 'module',
  'module' => 
  array (
    0 => 'index',
    1 => 'Sregister',
    2 => 'start_gateway.php',
  ),
)
[ 2018-09-10T23:27:01+08:00 ][ info ] [ HEADER ] array (
)
[ 2018-09-10T23:27:01+08:00 ][ info ] [ PARAM ] array (
)
[ 2018-09-10T23:27:02+08:00 ][ info ] [ LANG ] G:\xampp\htdocs\tp5\thinkphp\lang\zh-cn.php
[ info ] [ LOG ] INIT File
[ 2018-09-10T23:27:02+08:00 ][ info ] [ BIND ] 'index/Sregister'
[ 2018-09-10T23:27:02+08:00 ][ info ] [ ROUTE ] array (
  'type' => 'module',
  'module' => 
  array (
    0 => 'index',
    1 => 'Sregister',
    2 => '-q',
  ),
)
[ 2018-09-10T23:27:02+08:00 ][ info ] [ HEADER ] array (
)
[ 2018-09-10T23:27:02+08:00 ][ info ] [ PARAM ] array (
)
[ 2018-09-10T23:27:03+08:00 ][ info ] [ LANG ] G:\xampp\htdocs\tp5\thinkphp\lang\zh-cn.php
[ info ] [ LOG ] INIT File
[ 2018-09-10T23:27:03+08:00 ][ info ] [ BIND ] 'index/Sgateway'
[ 2018-09-10T23:27:03+08:00 ][ info ] [ ROUTE ] array (
  'type' => 'module',
  'module' => 
  array (
    0 => 'index',
    1 => 'Sgateway',
    2 => '-q',
  ),
)
[ 2018-09-10T23:27:03+08:00 ][ info ] [ HEADER ] array (
)
[ 2018-09-10T23:27:03+08:00 ][ info ] [ PARAM ] array (
)
[ 2018-09-10T23:27:03+08:00 ][ info ] [ LANG ] G:\xampp\htdocs\tp5\thinkphp\lang\zh-cn.php
[ info ] [ LOG ] INIT File
[ 2018-09-10T23:27:03+08:00 ][ info ] [ BIND ] 'index/Sbusinessworker'
[ 2018-09-10T23:27:03+08:00 ][ info ] [ ROUTE ] array (
  'type' => 'module',
  'module' => 
  array (
    0 => 'index',
    1 => 'Sbusinessworker',
    2 => '-q',
  ),
)
[ 2018-09-10T23:27:03+08:00 ][ info ] [ HEADER ] array (
)
[ 2018-09-10T23:27:03+08:00 ][ info ] [ PARAM ] array (
)
[ 2018-09-10T23:32:58+08:00 ][ info ] [ LANG ] G:\xampp\htdocs\tp5\thinkphp\lang\zh-cn.php
[ info ] [ LOG ] INIT File
[ 2018-09-10T23:32:58+08:00 ][ info ] [ BIND ] 'index/Sregister'
[ 2018-09-10T23:32:58+08:00 ][ info ] [ ROUTE ] array (
  'type' => 'module',
  'module' => 
  array (
    0 => 'index',
    1 => 'Sregister',
    2 => 'start_gateway.php',
  ),
)
[ 2018-09-10T23:32:58+08:00 ][ info ] [ HEADER ] array (
)
[ 2018-09-10T23:32:58+08:00 ][ info ] [ PARAM ] array (
)
[ 2018-09-10T23:32:59+08:00 ][ info ] [ LANG ] G:\xampp\htdocs\tp5\thinkphp\lang\zh-cn.php
[ info ] [ LOG ] INIT File
[ 2018-09-10T23:32:59+08:00 ][ info ] [ BIND ] 'index/Sregister'
[ 2018-09-10T23:32:59+08:00 ][ info ] [ ROUTE ] array (
  'type' => 'module',
  'module' => 
  array (
    0 => 'index',
    1 => 'Sregister',
    2 => '-q',
  ),
)
[ 2018-09-10T23:32:59+08:00 ][ info ] [ HEADER ] array (
)
[ 2018-09-10T23:32:59+08:00 ][ info ] [ PARAM ] array (
)
[ 2018-09-10T23:32:59+08:00 ][ info ] [ LANG ] G:\xampp\htdocs\tp5\thinkphp\lang\zh-cn.php
[ info ] [ LOG ] INIT File
[ 2018-09-10T23:32:59+08:00 ][ info ] [ BIND ] 'index/Sgateway'
[ 2018-09-10T23:32:59+08:00 ][ info ] [ ROUTE ] array (
  'type' => 'module',
  'module' => 
  array (
    0 => 'index',
    1 => 'Sgateway',
    2 => '-q',
  ),
)
[ 2018-09-10T23:32:59+08:00 ][ info ] [ HEADER ] array (
)
[ 2018-09-10T23:32:59+08:00 ][ info ] [ PARAM ] array (
)
[ 2018-09-10T23:32:59+08:00 ][ info ] [ LANG ] G:\xampp\htdocs\tp5\thinkphp\lang\zh-cn.php
[ info ] [ LOG ] INIT File
[ 2018-09-10T23:32:59+08:00 ][ info ] [ BIND ] 'index/Sbusinessworker'
[ 2018-09-10T23:32:59+08:00 ][ info ] [ ROUTE ] array (
  'type' => 'module',
  'module' => 
  array (
    0 => 'index',
    1 => 'Sbusinessworker',
    2 => '-q',
  ),
)
[ 2018-09-10T23:32:59+08:00 ][ info ] [ HEADER ] array (
)
[ 2018-09-10T23:32:59+08:00 ][ info ] [ PARAM ] array (
)
