[ 2018-09-11T00:16:43+08:00 ][ info ] [ LANG ] G:\xampp\htdocs\tp5\thinkphp\lang\zh-cn.php
[ info ] [ LOG ] INIT File
[ 2018-09-11T00:16:43+08:00 ][ info ] [ BIND ] 'index/Sgateway'
[ 2018-09-11T00:16:43+08:00 ][ info ] [ ROUTE ] array (
  'type' => 'module',
  'module' => 
  array (
    0 => 'index',
    1 => 'Sgateway',
    2 => '-q',
  ),
)
[ 2018-09-11T00:16:43+08:00 ][ info ] [ HEADER ] array (
)
[ 2018-09-11T00:16:43+08:00 ][ info ] [ LANG ] G:\xampp\htdocs\tp5\thinkphp\lang\zh-cn.php
[ info ] [ LOG ] INIT File
[ 2018-09-11T00:16:43+08:00 ][ info ] [ PARAM ] array (
)
[ 2018-09-11T00:16:43+08:00 ][ info ] [ BIND ] 'index/Sbusinessworker'
[ 2018-09-11T00:16:43+08:00 ][ info ] [ ROUTE ] array (
  'type' => 'module',
  'module' => 
  array (
    0 => 'index',
    1 => 'Sbusinessworker',
    2 => '-q',
  ),
)
[ 2018-09-11T00:16:43+08:00 ][ info ] [ HEADER ] array (
)
[ 2018-09-11T00:16:43+08:00 ][ info ] [ PARAM ] array (
)
[ 2018-09-11T18:48:08+08:00 ][ info ] [ LANG ] G:\xampp\htdocs\tp5\thinkphp\lang\zh-cn.php
[ info ] [ LOG ] INIT File
[ 2018-09-11T18:48:08+08:00 ][ info ] [ BIND ] 'index/Sregister'
[ 2018-09-11T18:48:08+08:00 ][ info ] [ ROUTE ] array (
  'type' => 'module',
  'module' => 
  array (
    0 => 'index',
    1 => 'Sregister',
    2 => 'start_gateway.php',
  ),
)
[ 2018-09-11T18:48:08+08:00 ][ info ] [ HEADER ] array (
)
[ 2018-09-11T18:48:08+08:00 ][ info ] [ PARAM ] array (
)
[ 2018-09-11T18:48:10+08:00 ][ info ] [ LANG ] G:\xampp\htdocs\tp5\thinkphp\lang\zh-cn.php
[ info ] [ LOG ] INIT File
[ 2018-09-11T18:48:10+08:00 ][ info ] [ BIND ] 'index/Sregister'
[ 2018-09-11T18:48:10+08:00 ][ info ] [ ROUTE ] array (
  'type' => 'module',
  'module' => 
  array (
    0 => 'index',
    1 => 'Sregister',
    2 => '-q',
  ),
)
[ 2018-09-11T18:48:10+08:00 ][ info ] [ HEADER ] array (
)
[ 2018-09-11T18:48:10+08:00 ][ info ] [ PARAM ] array (
)
[ 2018-09-11T18:48:10+08:00 ][ info ] [ LANG ] G:\xampp\htdocs\tp5\thinkphp\lang\zh-cn.php
[ info ] [ LOG ] INIT File
[ 2018-09-11T18:48:10+08:00 ][ info ] [ BIND ] 'index/Sgateway'
[ 2018-09-11T18:48:10+08:00 ][ info ] [ ROUTE ] array (
  'type' => 'module',
  'module' => 
  array (
    0 => 'index',
    1 => 'Sgateway',
    2 => '-q',
  ),
)
[ 2018-09-11T18:48:10+08:00 ][ info ] [ HEADER ] array (
)
[ 2018-09-11T18:48:10+08:00 ][ info ] [ PARAM ] array (
)
[ 2018-09-11T18:48:11+08:00 ][ info ] [ LANG ] G:\xampp\htdocs\tp5\thinkphp\lang\zh-cn.php
[ info ] [ LOG ] INIT File
[ 2018-09-11T18:48:11+08:00 ][ info ] [ BIND ] 'index/Sbusinessworker'
[ 2018-09-11T18:48:11+08:00 ][ info ] [ ROUTE ] array (
  'type' => 'module',
  'module' => 
  array (
    0 => 'index',
    1 => 'Sbusinessworker',
    2 => '-q',
  ),
)
[ 2018-09-11T18:48:11+08:00 ][ info ] [ HEADER ] array (
)
[ 2018-09-11T18:48:11+08:00 ][ info ] [ PARAM ] array (
)
