---------------------------------------------------------------
[ 2018-09-12T08:46:45+08:00 ] 192.168.2.198 GET /home/index/chat1
[ info ] 192.168.2.198/home/index/chat1 [è¿è¡Œæ—¶é—´ï¼š1.550070s][åžåçŽ‡ï¼š0.65req/s] [å†…å­˜æ¶ˆè€—ï¼š2,092.02kb] [æ–‡ä»¶åŠ è½½ï¼š43]
[ info ] [ LANG ] E:\xampp\htdocs\tp5\thinkphp\lang\zh-cn.php
[ info ] [ ROUTE ] array (
  'type' => 'module',
  'module' => 
  array (
    0 => 'home',
    1 => 'index',
    2 => 'chat1',
  ),
)
[ info ] [ HEADER ] array (
  'host' => '192.168.2.198',
  'connection' => 'keep-alive',
  'upgrade-insecure-requests' => '1',
  'user-agent' => 'Mozilla/5.0 (Windows NT 10.0; WOW64) AppleWebKit/537.36 (KHTML, like Gecko) Chrome/68.0.3440.106 Safari/537.36',
  'accept' => 'text/html,application/xhtml+xml,application/xml;q=0.9,image/webp,image/apng,*/*;q=0.8',
  'accept-encoding' => 'gzip, deflate',
  'accept-language' => 'zh-CN,zh;q=0.9',
)
[ info ] [ PARAM ] array (
)
[ info ] [ RUN ] app\home\controller\Index->chat1[ E:\xampp\htdocs\tp5\application\home\controller\Index.php ]
[ info ] [ DB ] INIT mysql
[ info ] [ LOG ] INIT File
[ error ] [2002]SQLSTATE[HY000] [2002] ÓÉÓÚÄ¿±ê¼ÆËã»ú»ý¼«¾Ü¾ø£¬ÎÞ·¨Á¬½Ó¡£
[E:\xampp\htdocs\tp5\thinkphp\library\think\db\Connection.php:295]
---------------------------------------------------------------
[ 2018-09-12T08:47:42+08:00 ] 192.168.2.198 GET /home/index/chat1
[ info ] 192.168.2.198/home/index/chat1 [è¿è¡Œæ—¶é—´ï¼š0.182965s][åžåçŽ‡ï¼š5.47req/s] [å†…å­˜æ¶ˆè€—ï¼š2,319.75kb] [æ–‡ä»¶åŠ è½½ï¼š46]
[ info ] [ LANG ] E:\xampp\htdocs\tp5\thinkphp\lang\zh-cn.php
[ info ] [ ROUTE ] array (
  'type' => 'module',
  'module' => 
  array (
    0 => 'home',
    1 => 'index',
    2 => 'chat1',
  ),
)
[ info ] [ HEADER ] array (
  'host' => '192.168.2.198',
  'connection' => 'keep-alive',
  'pragma' => 'no-cache',
  'cache-control' => 'no-cache',
  'upgrade-insecure-requests' => '1',
  'user-agent' => 'Mozilla/5.0 (Windows NT 10.0; WOW64) AppleWebKit/537.36 (KHTML, like Gecko) Chrome/68.0.3440.106 Safari/537.36',
  'accept' => 'text/html,application/xhtml+xml,application/xml;q=0.9,image/webp,image/apng,*/*;q=0.8',
  'accept-encoding' => 'gzip, deflate',
  'accept-language' => 'zh-CN,zh;q=0.9',
)
[ info ] [ PARAM ] array (
)
[ info ] [ RUN ] app\home\controller\Index->chat1[ E:\xampp\htdocs\tp5\application\home\controller\Index.php ]
[ info ] [ DB ] INIT mysql
[ info ] [ VIEW ] E:\xampp\htdocs\tp5\public/../application/home\view\index\chat1.html [ array (
  0 => 'users',
) ]
[ info ] [ LOG ] INIT File
[ sql ] [ DB ] CONNECT:[ UseTime:0.001486s ] mysql:host=127.0.0.1;dbname=wuwu;charset=utf8
[ sql ] [ SQL ] SHOW COLUMNS FROM `chat_user` [ RunTime:0.035615s ]
[ sql ] [ SQL ] SELECT * FROM `chat_user` [ RunTime:0.000554s ]
---------------------------------------------------------------
[ 2018-09-12T08:47:43+08:00 ] 192.168.2.198 GET /home/index/images/chat/menu-10.png
[ info ] 192.168.2.198/home/index/images/chat/menu-10.png [è¿è¡Œæ—¶é—´ï¼š0.088732s][åžåçŽ‡ï¼š11.27req/s] [å†…å­˜æ¶ˆè€—ï¼š1,353.14kb] [æ–‡ä»¶åŠ è½½ï¼š38]
[ info ] [ LANG ] E:\xampp\htdocs\tp5\thinkphp\lang\zh-cn.php
[ info ] [ ROUTE ] array (
  'type' => 'module',
  'module' => 
  array (
    0 => 'home',
    1 => 'index',
    2 => 'images',
  ),
)
[ info ] [ HEADER ] array (
  'host' => '192.168.2.198',
  'connection' => 'keep-alive',
  'pragma' => 'no-cache',
  'cache-control' => 'no-cache',
  'user-agent' => 'Mozilla/5.0 (Windows NT 10.0; WOW64) AppleWebKit/537.36 (KHTML, like Gecko) Chrome/68.0.3440.106 Safari/537.36',
  'accept' => 'image/webp,image/apng,image/*,*/*;q=0.8',
  'referer' => 'http://192.168.2.198/home/index/chat1',
  'accept-encoding' => 'gzip, deflate',
  'accept-language' => 'zh-CN,zh;q=0.9',
)
[ info ] [ PARAM ] array (
  'chat' => 'menu-10.png',
)
[ info ] [ LOG ] INIT File
---------------------------------------------------------------
[ 2018-09-12T08:47:43+08:00 ] 192.168.2.198 GET /home/music/003.ogg
[ info ] 192.168.2.198/home/music/003.ogg [è¿è¡Œæ—¶é—´ï¼š0.029041s][åžåçŽ‡ï¼š34.43req/s] [å†…å­˜æ¶ˆè€—ï¼š1,070.91kb] [æ–‡ä»¶åŠ è½½ï¼š32]
[ info ] [ LANG ] E:\xampp\htdocs\tp5\thinkphp\lang\zh-cn.php
[ info ] [ ROUTE ] array (
  'type' => 'module',
  'module' => 
  array (
    0 => 'home',
    1 => 'music',
    2 => '003.ogg',
  ),
)
[ info ] [ HEADER ] array (
  'host' => '192.168.2.198',
  'connection' => 'keep-alive',
  'pragma' => 'no-cache',
  'cache-control' => 'no-cache',
  'accept-encoding' => 'identity;q=1, *;q=0',
  'user-agent' => 'Mozilla/5.0 (Windows NT 10.0; WOW64) AppleWebKit/537.36 (KHTML, like Gecko) Chrome/68.0.3440.106 Safari/537.36',
  'accept' => '*/*',
  'referer' => 'http://192.168.2.198/home/index/chat1',
  'accept-language' => 'zh-CN,zh;q=0.9',
  'range' => 'bytes=0-',
)
[ info ] [ PARAM ] array (
)
[ info ] [ LOG ] INIT File
---------------------------------------------------------------
[ 2018-09-12T08:52:07+08:00 ] 192.168.2.134 GET /home/index/chat1
[ info ] 192.168.2.198/home/index/chat1 [è¿è¡Œæ—¶é—´ï¼š0.104234s][åžåçŽ‡ï¼š9.59req/s] [å†…å­˜æ¶ˆè€—ï¼š2,137.01kb] [æ–‡ä»¶åŠ è½½ï¼š44]
[ info ] [ LANG ] E:\xampp\htdocs\tp5\thinkphp\lang\zh-cn.php
[ info ] [ ROUTE ] array (
  'type' => 'module',
  'module' => 
  array (
    0 => 'home',
    1 => 'index',
    2 => 'chat1',
  ),
)
[ info ] [ HEADER ] array (
  'host' => '192.168.2.198',
  'connection' => 'keep-alive',
  'user-agent' => 'Mozilla/5.0 (Linux; U; Android 5.1.1; zh-cn; R7Plusm Build/LMY47V) AppleWebKit/537.36 (KHTML, like Gecko) Version/4.0 Chrome/57.0.2987.132 MQQBrowser/8.8 Mobile Safari/537.36',
  'accept' => 'text/html,application/xhtml+xml,application/xml;q=0.9,image/webp,image/apng,image/sharpp,image/apng,image/tpg,*/*;q=0.8',
  'accept-encoding' => 'gzip, deflate',
  'accept-language' => 'zh-CN,en-US;q=0.8',
  'cookie' => 'PHPSESSID=i2th7lbm2198iqh982o7p1eq62; Hm_lvt_e0b68fb7c85b2c1ec91bcd334fcf7589=1536635657; Hm_lpvt_e0b68fb7c85b2c1ec91bcd334fcf7589=1536648615; nb-referrer-hostname=192.168.2.198; nb-start-page-url=http%3A%2F%2F192.168.2.198%2Factivity%2Fmobile1.html%23; qv_als=EFh6UthNgGXP8ctKA11536648617us2jsQ==; Hm_lvt_7b1919221e89d2aa5711e4deb935debd=1536649773; Hm_lpvt_7b1919221e89d2aa5711e4deb935debd=1536649773',
)
[ info ] [ PARAM ] array (
)
[ info ] [ RUN ] app\home\controller\Index->chat1[ E:\xampp\htdocs\tp5\application\home\controller\Index.php ]
[ info ] [ DB ] INIT mysql
[ info ] [ VIEW ] E:\xampp\htdocs\tp5\public/../application/home\view\index\chat1.html [ array (
  0 => 'users',
) ]
[ info ] [ LOG ] INIT File
[ sql ] [ DB ] CONNECT:[ UseTime:0.004095s ] mysql:host=127.0.0.1;dbname=wuwu;charset=utf8
[ sql ] [ SQL ] SHOW COLUMNS FROM `chat_user` [ RunTime:0.038400s ]
[ sql ] [ SQL ] SELECT * FROM `chat_user` [ RunTime:0.002902s ]
---------------------------------------------------------------
[ 2018-09-12T08:52:08+08:00 ] 192.168.2.134 GET /home/index/images/chat/menu-10.png
[ info ] 192.168.2.198/home/index/images/chat/menu-10.png [è¿è¡Œæ—¶é—´ï¼š0.057571s][åžåçŽ‡ï¼š17.37req/s] [å†…å­˜æ¶ˆè€—ï¼š1,354.73kb] [æ–‡ä»¶åŠ è½½ï¼š38]
[ info ] [ LANG ] E:\xampp\htdocs\tp5\thinkphp\lang\zh-cn.php
[ info ] [ ROUTE ] array (
  'type' => 'module',
  'module' => 
  array (
    0 => 'home',
    1 => 'index',
    2 => 'images',
  ),
)
[ info ] [ HEADER ] array (
  'host' => '192.168.2.198',
  'connection' => 'keep-alive',
  'user-agent' => 'Mozilla/5.0 (Linux; U; Android 5.1.1; zh-cn; R7Plusm Build/LMY47V) AppleWebKit/537.36 (KHTML, like Gecko) Version/4.0 Chrome/57.0.2987.132 MQQBrowser/8.8 Mobile Safari/537.36',
  'accept' => 'image/webp,image/sharpp,image/apng,image/tpg,image/*,*/*;q=0.8',
  'referer' => 'http://192.168.2.198/home/index/chat1',
  'accept-encoding' => 'gzip, deflate',
  'accept-language' => 'zh-CN,en-US;q=0.8',
  'cookie' => 'PHPSESSID=i2th7lbm2198iqh982o7p1eq62; Hm_lvt_e0b68fb7c85b2c1ec91bcd334fcf7589=1536635657; Hm_lpvt_e0b68fb7c85b2c1ec91bcd334fcf7589=1536648615; nb-referrer-hostname=192.168.2.198; nb-start-page-url=http%3A%2F%2F192.168.2.198%2Factivity%2Fmobile1.html%23; qv_als=EFh6UthNgGXP8ctKA11536648617us2jsQ==; Hm_lvt_7b1919221e89d2aa5711e4deb935debd=1536649773; Hm_lpvt_7b1919221e89d2aa5711e4deb935debd=1536649773',
)
[ info ] [ PARAM ] array (
  'chat' => 'menu-10.png',
)
[ info ] [ LOG ] INIT File
---------------------------------------------------------------
[ 2018-09-12T08:52:09+08:00 ] 192.168.2.134 GET /home/music/003.ogg
[ info ] 192.168.2.198/home/music/003.ogg [è¿è¡Œæ—¶é—´ï¼š0.044365s][åžåçŽ‡ï¼š22.54req/s] [å†…å­˜æ¶ˆè€—ï¼š1,072.41kb] [æ–‡ä»¶åŠ è½½ï¼š32]
[ info ] [ LANG ] E:\xampp\htdocs\tp5\thinkphp\lang\zh-cn.php
[ info ] [ ROUTE ] array (
  'type' => 'module',
  'module' => 
  array (
    0 => 'home',
    1 => 'music',
    2 => '003.ogg',
  ),
)
[ info ] [ HEADER ] array (
  'host' => '192.168.2.198',
  'connection' => 'keep-alive',
  'user-agent' => 'Mozilla/5.0 (Linux; U; Android 5.1.1; zh-cn; R7Plusm Build/LMY47V) AppleWebKit/537.36 (KHTML, like Gecko) Version/4.0 Chrome/57.0.2987.132 MQQBrowser/8.8 Mobile Safari/537.36',
  'accept' => '*/*',
  'referer' => 'http://192.168.2.198/home/index/chat1',
  'accept-encoding' => 'gzip, deflate',
  'accept-language' => 'zh-CN,en-US;q=0.8',
  'cookie' => 'PHPSESSID=i2th7lbm2198iqh982o7p1eq62; Hm_lvt_e0b68fb7c85b2c1ec91bcd334fcf7589=1536635657; Hm_lpvt_e0b68fb7c85b2c1ec91bcd334fcf7589=1536648615; nb-referrer-hostname=192.168.2.198; nb-start-page-url=http%3A%2F%2F192.168.2.198%2Factivity%2Fmobile1.html%23; qv_als=EFh6UthNgGXP8ctKA11536648617us2jsQ==; Hm_lvt_7b1919221e89d2aa5711e4deb935debd=1536649773; Hm_lpvt_7b1919221e89d2aa5711e4deb935debd=1536649773',
  'range' => 'bytes=0-1',
)
[ info ] [ PARAM ] array (
)
[ info ] [ LOG ] INIT File
---------------------------------------------------------------
[ 2018-09-12T08:52:20+08:00 ] 192.168.2.198 POST /home/index/chat1
[ info ] 192.168.2.198/home/index/chat1 [è¿è¡Œæ—¶é—´ï¼š0.075632s][åžåçŽ‡ï¼š13.22req/s] [å†…å­˜æ¶ˆè€—ï¼š2,115.34kb] [æ–‡ä»¶åŠ è½½ï¼š43]
[ info ] [ LANG ] E:\xampp\htdocs\tp5\thinkphp\lang\zh-cn.php
[ info ] [ ROUTE ] array (
  'type' => 'module',
  'module' => 
  array (
    0 => 'home',
    1 => 'index',
    2 => 'chat1',
  ),
)
[ info ] [ HEADER ] array (
  'host' => '192.168.2.198',
  'connection' => 'keep-alive',
  'content-length' => '31',
  'accept' => 'application/json, text/javascript, */*; q=0.01',
  'origin' => 'http://192.168.2.198',
  'x-requested-with' => 'XMLHttpRequest',
  'user-agent' => 'Mozilla/5.0 (Windows NT 10.0; WOW64) AppleWebKit/537.36 (KHTML, like Gecko) Chrome/68.0.3440.106 Safari/537.36',
  'content-type' => 'application/x-www-form-urlencoded; charset=UTF-8',
  'referer' => 'http://192.168.2.198/home/index/chat1',
  'accept-encoding' => 'gzip, deflate',
  'accept-language' => 'zh-CN,zh;q=0.9',
)
[ info ] [ PARAM ] array (
  'name' => '1240035959',
  'password' => '222222',
)
[ info ] [ RUN ] app\home\controller\Index->chat1[ E:\xampp\htdocs\tp5\application\home\controller\Index.php ]
[ info ] [ DB ] INIT mysql
[ info ] [ LOG ] INIT File
[ sql ] [ DB ] CONNECT:[ UseTime:0.002258s ] mysql:host=127.0.0.1;dbname=wuwu;charset=utf8
[ sql ] [ SQL ] SHOW COLUMNS FROM `chat_user` [ RunTime:0.036932s ]
[ sql ] [ SQL ] SELECT * FROM `chat_user` [ RunTime:0.001607s ]
[ sql ] [ SQL ] SELECT * FROM `chat_user` WHERE  `u_loginID` = '1240035959' LIMIT 1 [ RunTime:0.001457s ]
---------------------------------------------------------------
[ 2018-09-12T08:53:25+08:00 ] 192.168.2.198 GET /home/index/chat1
[ info ] 192.168.2.198/home/index/chat1 [è¿è¡Œæ—¶é—´ï¼š0.124928s][åžåçŽ‡ï¼š8.00req/s] [å†…å­˜æ¶ˆè€—ï¼š2,135.59kb] [æ–‡ä»¶åŠ è½½ï¼š44]
[ info ] [ LANG ] E:\xampp\htdocs\tp5\thinkphp\lang\zh-cn.php
[ info ] [ ROUTE ] array (
  'type' => 'module',
  'module' => 
  array (
    0 => 'home',
    1 => 'index',
    2 => 'chat1',
  ),
)
[ info ] [ HEADER ] array (
  'host' => '192.168.2.198',
  'connection' => 'keep-alive',
  'upgrade-insecure-requests' => '1',
  'user-agent' => 'Mozilla/5.0 (Windows NT 10.0; WOW64) AppleWebKit/537.36 (KHTML, like Gecko) Chrome/68.0.3440.106 Safari/537.36',
  'accept' => 'text/html,application/xhtml+xml,application/xml;q=0.9,image/webp,image/apng,*/*;q=0.8',
  'accept-encoding' => 'gzip, deflate',
  'accept-language' => 'zh-CN,zh;q=0.9',
)
[ info ] [ PARAM ] array (
)
[ info ] [ RUN ] app\home\controller\Index->chat1[ E:\xampp\htdocs\tp5\application\home\controller\Index.php ]
[ info ] [ DB ] INIT mysql
[ info ] [ VIEW ] E:\xampp\htdocs\tp5\public/../application/home\view\index\chat1.html [ array (
  0 => 'users',
) ]
[ info ] [ LOG ] INIT File
[ sql ] [ DB ] CONNECT:[ UseTime:0.002825s ] mysql:host=127.0.0.1;dbname=wuwu;charset=utf8
[ sql ] [ SQL ] SHOW COLUMNS FROM `chat_user` [ RunTime:0.079853s ]
[ sql ] [ SQL ] SELECT * FROM `chat_user` [ RunTime:0.004586s ]
---------------------------------------------------------------
[ 2018-09-12T08:53:25+08:00 ] 192.168.2.198 GET /home/index/images/chat/menu-10.png
[ info ] 192.168.2.198/home/index/images/chat/menu-10.png [è¿è¡Œæ—¶é—´ï¼š0.043203s][åžåçŽ‡ï¼š23.15req/s] [å†…å­˜æ¶ˆè€—ï¼š1,352.72kb] [æ–‡ä»¶åŠ è½½ï¼š38]
[ info ] [ LANG ] E:\xampp\htdocs\tp5\thinkphp\lang\zh-cn.php
[ info ] [ ROUTE ] array (
  'type' => 'module',
  'module' => 
  array (
    0 => 'home',
    1 => 'index',
    2 => 'images',
  ),
)
[ info ] [ HEADER ] array (
  'host' => '192.168.2.198',
  'connection' => 'keep-alive',
  'user-agent' => 'Mozilla/5.0 (Windows NT 10.0; WOW64) AppleWebKit/537.36 (KHTML, like Gecko) Chrome/68.0.3440.106 Safari/537.36',
  'accept' => 'image/webp,image/apng,image/*,*/*;q=0.8',
  'referer' => 'http://192.168.2.198/home/index/chat1',
  'accept-encoding' => 'gzip, deflate',
  'accept-language' => 'zh-CN,zh;q=0.9',
)
[ info ] [ PARAM ] array (
  'chat' => 'menu-10.png',
)
[ info ] [ LOG ] INIT File
---------------------------------------------------------------
[ 2018-09-12T08:53:25+08:00 ] 192.168.2.198 GET /home/music/003.ogg
[ info ] 192.168.2.198/home/music/003.ogg [è¿è¡Œæ—¶é—´ï¼š0.031061s][åžåçŽ‡ï¼š32.19req/s] [å†…å­˜æ¶ˆè€—ï¼š1,070.53kb] [æ–‡ä»¶åŠ è½½ï¼š32]
[ info ] [ LANG ] E:\xampp\htdocs\tp5\thinkphp\lang\zh-cn.php
[ info ] [ ROUTE ] array (
  'type' => 'module',
  'module' => 
  array (
    0 => 'home',
    1 => 'music',
    2 => '003.ogg',
  ),
)
[ info ] [ HEADER ] array (
  'host' => '192.168.2.198',
  'connection' => 'keep-alive',
  'accept-encoding' => 'identity;q=1, *;q=0',
  'user-agent' => 'Mozilla/5.0 (Windows NT 10.0; WOW64) AppleWebKit/537.36 (KHTML, like Gecko) Chrome/68.0.3440.106 Safari/537.36',
  'accept' => '*/*',
  'referer' => 'http://192.168.2.198/home/index/chat1',
  'accept-language' => 'zh-CN,zh;q=0.9',
  'range' => 'bytes=0-',
)
[ info ] [ PARAM ] array (
)
[ info ] [ LOG ] INIT File
---------------------------------------------------------------
[ 2018-09-12T08:53:32+08:00 ] 192.168.2.198 POST /home/index/chat1
[ info ] 192.168.2.198/home/index/chat1 [è¿è¡Œæ—¶é—´ï¼š0.063218s][åžåçŽ‡ï¼š15.82req/s] [å†…å­˜æ¶ˆè€—ï¼š2,115.36kb] [æ–‡ä»¶åŠ è½½ï¼š43]
[ info ] [ LANG ] E:\xampp\htdocs\tp5\thinkphp\lang\zh-cn.php
[ info ] [ ROUTE ] array (
  'type' => 'module',
  'module' => 
  array (
    0 => 'home',
    1 => 'index',
    2 => 'chat1',
  ),
)
[ info ] [ HEADER ] array (
  'host' => '192.168.2.198',
  'connection' => 'keep-alive',
  'content-length' => '31',
  'accept' => 'application/json, text/javascript, */*; q=0.01',
  'origin' => 'http://192.168.2.198',
  'x-requested-with' => 'XMLHttpRequest',
  'user-agent' => 'Mozilla/5.0 (Windows NT 10.0; WOW64) AppleWebKit/537.36 (KHTML, like Gecko) Chrome/68.0.3440.106 Safari/537.36',
  'content-type' => 'application/x-www-form-urlencoded; charset=UTF-8',
  'referer' => 'http://192.168.2.198/home/index/chat1',
  'accept-encoding' => 'gzip, deflate',
  'accept-language' => 'zh-CN,zh;q=0.9',
)
[ info ] [ PARAM ] array (
  'name' => '1240035959',
  'password' => '222222',
)
[ info ] [ RUN ] app\home\controller\Index->chat1[ E:\xampp\htdocs\tp5\application\home\controller\Index.php ]
[ info ] [ DB ] INIT mysql
[ info ] [ LOG ] INIT File
[ sql ] [ DB ] CONNECT:[ UseTime:0.002645s ] mysql:host=127.0.0.1;dbname=wuwu;charset=utf8
[ sql ] [ SQL ] SHOW COLUMNS FROM `chat_user` [ RunTime:0.034763s ]
[ sql ] [ SQL ] SELECT * FROM `chat_user` [ RunTime:0.002191s ]
[ sql ] [ SQL ] SELECT * FROM `chat_user` WHERE  `u_loginID` = '1240035959' LIMIT 1 [ RunTime:0.001358s ]
---------------------------------------------------------------
[ 2018-09-12T08:53:50+08:00 ] 192.168.2.134 POST /home/index/chat1
[ info ] 192.168.2.198/home/index/chat1 [è¿è¡Œæ—¶é—´ï¼š0.086736s][åžåçŽ‡ï¼š11.53req/s] [å†…å­˜æ¶ˆè€—ï¼š2,116.88kb] [æ–‡ä»¶åŠ è½½ï¼š43]
[ info ] [ LANG ] E:\xampp\htdocs\tp5\thinkphp\lang\zh-cn.php
[ info ] [ ROUTE ] array (
  'type' => 'module',
  'module' => 
  array (
    0 => 'home',
    1 => 'index',
    2 => 'chat1',
  ),
)
[ info ] [ HEADER ] array (
  'host' => '192.168.2.198',
  'connection' => 'keep-alive',
  'content-length' => '31',
  'accept' => 'application/json, text/javascript, */*; q=0.01',
  'origin' => 'http://192.168.2.198',
  'x-requested-with' => 'XMLHttpRequest',
  'user-agent' => 'Mozilla/5.0 (Linux; U; Android 5.1.1; zh-cn; R7Plusm Build/LMY47V) AppleWebKit/537.36 (KHTML, like Gecko) Version/4.0 Chrome/57.0.2987.132 MQQBrowser/8.8 Mobile Safari/537.36',
  'content-type' => 'application/x-www-form-urlencoded; charset=UTF-8',
  'referer' => 'http://192.168.2.198/home/index/chat1',
  'accept-encoding' => 'gzip, deflate',
  'accept-language' => 'zh-CN,en-US;q=0.8',
  'cookie' => 'PHPSESSID=i2th7lbm2198iqh982o7p1eq62; Hm_lvt_e0b68fb7c85b2c1ec91bcd334fcf7589=1536635657; Hm_lpvt_e0b68fb7c85b2c1ec91bcd334fcf7589=1536648615; nb-referrer-hostname=192.168.2.198; nb-start-page-url=http%3A%2F%2F192.168.2.198%2Factivity%2Fmobile1.html%23; qv_als=EFh6UthNgGXP8ctKA11536648617us2jsQ==; Hm_lvt_7b1919221e89d2aa5711e4deb935debd=1536649773; Hm_lpvt_7b1919221e89d2aa5711e4deb935debd=1536649773',
)
[ info ] [ PARAM ] array (
  'name' => '1240035958',
  'password' => '111111',
)
[ info ] [ RUN ] app\home\controller\Index->chat1[ E:\xampp\htdocs\tp5\application\home\controller\Index.php ]
[ info ] [ DB ] INIT mysql
[ info ] [ LOG ] INIT File
[ sql ] [ DB ] CONNECT:[ UseTime:0.002177s ] mysql:host=127.0.0.1;dbname=wuwu;charset=utf8
[ sql ] [ SQL ] SHOW COLUMNS FROM `chat_user` [ RunTime:0.036663s ]
[ sql ] [ SQL ] SELECT * FROM `chat_user` [ RunTime:0.001234s ]
[ sql ] [ SQL ] SELECT * FROM `chat_user` WHERE  `u_loginID` = '1240035958' LIMIT 1 [ RunTime:0.000805s ]
---------------------------------------------------------------
[ 2018-09-12T08:54:31+08:00 ] 192.168.2.134 GET /home/index/chat1
[ info ] 192.168.2.198/home/index/chat1 [è¿è¡Œæ—¶é—´ï¼š0.097175s][åžåçŽ‡ï¼š10.29req/s] [å†…å­˜æ¶ˆè€—ï¼š2,136.99kb] [æ–‡ä»¶åŠ è½½ï¼š44]
[ info ] [ LANG ] E:\xampp\htdocs\tp5\thinkphp\lang\zh-cn.php
[ info ] [ ROUTE ] array (
  'type' => 'module',
  'module' => 
  array (
    0 => 'home',
    1 => 'index',
    2 => 'chat1',
  ),
)
[ info ] [ HEADER ] array (
  'host' => '192.168.2.198',
  'connection' => 'keep-alive',
  'user-agent' => 'Mozilla/5.0 (Linux; U; Android 5.1.1; zh-cn; R7Plusm Build/LMY47V) AppleWebKit/537.36 (KHTML, like Gecko) Version/4.0 Chrome/57.0.2987.132 MQQBrowser/8.8 Mobile Safari/537.36',
  'accept' => 'text/html,application/xhtml+xml,application/xml;q=0.9,image/webp,image/apng,image/sharpp,image/apng,image/tpg,*/*;q=0.8',
  'accept-encoding' => 'gzip, deflate',
  'accept-language' => 'zh-CN,en-US;q=0.8',
  'cookie' => 'PHPSESSID=i2th7lbm2198iqh982o7p1eq62; Hm_lvt_e0b68fb7c85b2c1ec91bcd334fcf7589=1536635657; Hm_lpvt_e0b68fb7c85b2c1ec91bcd334fcf7589=1536648615; nb-referrer-hostname=192.168.2.198; nb-start-page-url=http%3A%2F%2F192.168.2.198%2Factivity%2Fmobile1.html%23; qv_als=EFh6UthNgGXP8ctKA11536648617us2jsQ==; Hm_lvt_7b1919221e89d2aa5711e4deb935debd=1536649773; Hm_lpvt_7b1919221e89d2aa5711e4deb935debd=1536649773',
)
[ info ] [ PARAM ] array (
)
[ info ] [ RUN ] app\home\controller\Index->chat1[ E:\xampp\htdocs\tp5\application\home\controller\Index.php ]
[ info ] [ DB ] INIT mysql
[ info ] [ VIEW ] E:\xampp\htdocs\tp5\public/../application/home\view\index\chat1.html [ array (
  0 => 'users',
) ]
[ info ] [ LOG ] INIT File
[ sql ] [ DB ] CONNECT:[ UseTime:0.002374s ] mysql:host=127.0.0.1;dbname=wuwu;charset=utf8
[ sql ] [ SQL ] SHOW COLUMNS FROM `chat_user` [ RunTime:0.040241s ]
[ sql ] [ SQL ] SELECT * FROM `chat_user` [ RunTime:0.001064s ]
---------------------------------------------------------------
[ 2018-09-12T08:54:32+08:00 ] 192.168.2.134 GET /home/index/images/chat/menu-10.png
[ info ] 192.168.2.198/home/index/images/chat/menu-10.png [è¿è¡Œæ—¶é—´ï¼š0.045583s][åžåçŽ‡ï¼š21.94req/s] [å†…å­˜æ¶ˆè€—ï¼š1,354.73kb] [æ–‡ä»¶åŠ è½½ï¼š38]
[ info ] [ LANG ] E:\xampp\htdocs\tp5\thinkphp\lang\zh-cn.php
[ info ] [ ROUTE ] array (
  'type' => 'module',
  'module' => 
  array (
    0 => 'home',
    1 => 'index',
    2 => 'images',
  ),
)
[ info ] [ HEADER ] array (
  'host' => '192.168.2.198',
  'connection' => 'keep-alive',
  'user-agent' => 'Mozilla/5.0 (Linux; U; Android 5.1.1; zh-cn; R7Plusm Build/LMY47V) AppleWebKit/537.36 (KHTML, like Gecko) Version/4.0 Chrome/57.0.2987.132 MQQBrowser/8.8 Mobile Safari/537.36',
  'accept' => 'image/webp,image/sharpp,image/apng,image/tpg,image/*,*/*;q=0.8',
  'referer' => 'http://192.168.2.198/home/index/chat1',
  'accept-encoding' => 'gzip, deflate',
  'accept-language' => 'zh-CN,en-US;q=0.8',
  'cookie' => 'PHPSESSID=i2th7lbm2198iqh982o7p1eq62; Hm_lvt_e0b68fb7c85b2c1ec91bcd334fcf7589=1536635657; Hm_lpvt_e0b68fb7c85b2c1ec91bcd334fcf7589=1536648615; nb-referrer-hostname=192.168.2.198; nb-start-page-url=http%3A%2F%2F192.168.2.198%2Factivity%2Fmobile1.html%23; qv_als=EFh6UthNgGXP8ctKA11536648617us2jsQ==; Hm_lvt_7b1919221e89d2aa5711e4deb935debd=1536649773; Hm_lpvt_7b1919221e89d2aa5711e4deb935debd=1536649773',
)
[ info ] [ PARAM ] array (
  'chat' => 'menu-10.png',
)
[ info ] [ LOG ] INIT File
---------------------------------------------------------------
[ 2018-09-12T08:54:32+08:00 ] 192.168.2.134 GET /home/music/003.ogg
[ info ] 192.168.2.198/home/music/003.ogg [è¿è¡Œæ—¶é—´ï¼š0.041919s][åžåçŽ‡ï¼š23.86req/s] [å†…å­˜æ¶ˆè€—ï¼š1,072.41kb] [æ–‡ä»¶åŠ è½½ï¼š32]
[ info ] [ LANG ] E:\xampp\htdocs\tp5\thinkphp\lang\zh-cn.php
[ info ] [ ROUTE ] array (
  'type' => 'module',
  'module' => 
  array (
    0 => 'home',
    1 => 'music',
    2 => '003.ogg',
  ),
)
[ info ] [ HEADER ] array (
  'host' => '192.168.2.198',
  'connection' => 'keep-alive',
  'user-agent' => 'Mozilla/5.0 (Linux; U; Android 5.1.1; zh-cn; R7Plusm Build/LMY47V) AppleWebKit/537.36 (KHTML, like Gecko) Version/4.0 Chrome/57.0.2987.132 MQQBrowser/8.8 Mobile Safari/537.36',
  'accept' => '*/*',
  'referer' => 'http://192.168.2.198/home/index/chat1',
  'accept-encoding' => 'gzip, deflate',
  'accept-language' => 'zh-CN,en-US;q=0.8',
  'cookie' => 'PHPSESSID=i2th7lbm2198iqh982o7p1eq62; Hm_lvt_e0b68fb7c85b2c1ec91bcd334fcf7589=1536635657; Hm_lpvt_e0b68fb7c85b2c1ec91bcd334fcf7589=1536648615; nb-referrer-hostname=192.168.2.198; nb-start-page-url=http%3A%2F%2F192.168.2.198%2Factivity%2Fmobile1.html%23; qv_als=EFh6UthNgGXP8ctKA11536648617us2jsQ==; Hm_lvt_7b1919221e89d2aa5711e4deb935debd=1536649773; Hm_lpvt_7b1919221e89d2aa5711e4deb935debd=1536649773',
  'range' => 'bytes=0-1',
)
[ info ] [ PARAM ] array (
)
[ info ] [ LOG ] INIT File
---------------------------------------------------------------
[ 2018-09-12T08:57:19+08:00 ] 192.168.2.198 GET /home/index/chat1
[ info ] 192.168.2.198/home/index/chat1 [è¿è¡Œæ—¶é—´ï¼š0.095566s][åžåçŽ‡ï¼š10.46req/s] [å†…å­˜æ¶ˆè€—ï¼š2,135.59kb] [æ–‡ä»¶åŠ è½½ï¼š44]
[ info ] [ LANG ] E:\xampp\htdocs\tp5\thinkphp\lang\zh-cn.php
[ info ] [ ROUTE ] array (
  'type' => 'module',
  'module' => 
  array (
    0 => 'home',
    1 => 'index',
    2 => 'chat1',
  ),
)
[ info ] [ HEADER ] array (
  'host' => '192.168.2.198',
  'connection' => 'keep-alive',
  'upgrade-insecure-requests' => '1',
  'user-agent' => 'Mozilla/5.0 (Windows NT 10.0; WOW64) AppleWebKit/537.36 (KHTML, like Gecko) Chrome/68.0.3440.106 Safari/537.36',
  'accept' => 'text/html,application/xhtml+xml,application/xml;q=0.9,image/webp,image/apng,*/*;q=0.8',
  'accept-encoding' => 'gzip, deflate',
  'accept-language' => 'zh-CN,zh;q=0.9',
)
[ info ] [ PARAM ] array (
)
[ info ] [ RUN ] app\home\controller\Index->chat1[ E:\xampp\htdocs\tp5\application\home\controller\Index.php ]
[ info ] [ DB ] INIT mysql
[ info ] [ VIEW ] E:\xampp\htdocs\tp5\public/../application/home\view\index\chat1.html [ array (
  0 => 'users',
) ]
[ info ] [ LOG ] INIT File
[ sql ] [ DB ] CONNECT:[ UseTime:0.002403s ] mysql:host=127.0.0.1;dbname=wuwu;charset=utf8
[ sql ] [ SQL ] SHOW COLUMNS FROM `chat_user` [ RunTime:0.039377s ]
[ sql ] [ SQL ] SELECT * FROM `chat_user` [ RunTime:0.003298s ]
---------------------------------------------------------------
[ 2018-09-12T08:57:22+08:00 ] 192.168.2.198 GET /home/index/images/chat/menu-10.png
[ info ] 192.168.2.198/home/index/images/chat/menu-10.png [è¿è¡Œæ—¶é—´ï¼š0.065127s][åžåçŽ‡ï¼š15.35req/s] [å†…å­˜æ¶ˆè€—ï¼š1,352.72kb] [æ–‡ä»¶åŠ è½½ï¼š38]
[ info ] [ LANG ] E:\xampp\htdocs\tp5\thinkphp\lang\zh-cn.php
[ info ] [ ROUTE ] array (
  'type' => 'module',
  'module' => 
  array (
    0 => 'home',
    1 => 'index',
    2 => 'images',
  ),
)
[ info ] [ HEADER ] array (
  'host' => '192.168.2.198',
  'connection' => 'keep-alive',
  'user-agent' => 'Mozilla/5.0 (Windows NT 10.0; WOW64) AppleWebKit/537.36 (KHTML, like Gecko) Chrome/68.0.3440.106 Safari/537.36',
  'accept' => 'image/webp,image/apng,image/*,*/*;q=0.8',
  'referer' => 'http://192.168.2.198/home/index/chat1',
  'accept-encoding' => 'gzip, deflate',
  'accept-language' => 'zh-CN,zh;q=0.9',
)
[ info ] [ PARAM ] array (
  'chat' => 'menu-10.png',
)
[ info ] [ LOG ] INIT File
---------------------------------------------------------------
[ 2018-09-12T08:57:22+08:00 ] 192.168.2.198 GET /home/music/003.ogg
[ info ] 192.168.2.198/home/music/003.ogg [è¿è¡Œæ—¶é—´ï¼š0.047339s][åžåçŽ‡ï¼š21.12req/s] [å†…å­˜æ¶ˆè€—ï¼š1,070.53kb] [æ–‡ä»¶åŠ è½½ï¼š32]
[ info ] [ LANG ] E:\xampp\htdocs\tp5\thinkphp\lang\zh-cn.php
[ info ] [ ROUTE ] array (
  'type' => 'module',
  'module' => 
  array (
    0 => 'home',
    1 => 'music',
    2 => '003.ogg',
  ),
)
[ info ] [ HEADER ] array (
  'host' => '192.168.2.198',
  'connection' => 'keep-alive',
  'accept-encoding' => 'identity;q=1, *;q=0',
  'user-agent' => 'Mozilla/5.0 (Windows NT 10.0; WOW64) AppleWebKit/537.36 (KHTML, like Gecko) Chrome/68.0.3440.106 Safari/537.36',
  'accept' => '*/*',
  'referer' => 'http://192.168.2.198/home/index/chat1',
  'accept-language' => 'zh-CN,zh;q=0.9',
  'range' => 'bytes=0-',
)
[ info ] [ PARAM ] array (
)
[ info ] [ LOG ] INIT File
---------------------------------------------------------------
[ 2018-09-12T08:58:56+08:00 ] 192.168.2.198 POST /home/index/chat1
[ info ] 192.168.2.198/home/index/chat1 [è¿è¡Œæ—¶é—´ï¼š0.062829s][åžåçŽ‡ï¼š15.92req/s] [å†…å­˜æ¶ˆè€—ï¼š2,115.30kb] [æ–‡ä»¶åŠ è½½ï¼š43]
[ info ] [ LANG ] E:\xampp\htdocs\tp5\thinkphp\lang\zh-cn.php
[ info ] [ ROUTE ] array (
  'type' => 'module',
  'module' => 
  array (
    0 => 'home',
    1 => 'index',
    2 => 'chat1',
  ),
)
[ info ] [ HEADER ] array (
  'host' => '192.168.2.198',
  'connection' => 'keep-alive',
  'content-length' => '31',
  'accept' => 'application/json, text/javascript, */*; q=0.01',
  'origin' => 'http://192.168.2.198',
  'x-requested-with' => 'XMLHttpRequest',
  'user-agent' => 'Mozilla/5.0 (Windows NT 10.0; WOW64) AppleWebKit/537.36 (KHTML, like Gecko) Chrome/68.0.3440.106 Safari/537.36',
  'content-type' => 'application/x-www-form-urlencoded; charset=UTF-8',
  'referer' => 'http://192.168.2.198/home/index/chat1',
  'accept-encoding' => 'gzip, deflate',
  'accept-language' => 'zh-CN,zh;q=0.9',
)
[ info ] [ PARAM ] array (
  'name' => '1240035959',
  'password' => '222222',
)
[ info ] [ RUN ] app\home\controller\Index->chat1[ E:\xampp\htdocs\tp5\application\home\controller\Index.php ]
[ info ] [ DB ] INIT mysql
[ info ] [ LOG ] INIT File
[ sql ] [ DB ] CONNECT:[ UseTime:0.002029s ] mysql:host=127.0.0.1;dbname=wuwu;charset=utf8
[ sql ] [ SQL ] SHOW COLUMNS FROM `chat_user` [ RunTime:0.037619s ]
[ sql ] [ SQL ] SELECT * FROM `chat_user` [ RunTime:0.001342s ]
[ sql ] [ SQL ] SELECT * FROM `chat_user` WHERE  `u_loginID` = '1240035959' LIMIT 1 [ RunTime:0.001132s ]
