[ 2018-09-13T09:49:14+08:00 ][ info ] [ LANG ] E:\xampp\htdocs\tp5\thinkphp\lang\zh-cn.php
[ info ] [ LOG ] INIT File
[ 2018-09-13T09:49:14+08:00 ][ info ] [ BIND ] 'index/Sregister'
[ 2018-09-13T09:49:14+08:00 ][ info ] [ ROUTE ] array (
  'type' => 'module',
  'module' => 
  array (
    0 => 'index',
    1 => 'Sregister',
    2 => 'start_gateway.php',
  ),
)
[ 2018-09-13T09:49:14+08:00 ][ info ] [ HEADER ] array (
)
[ 2018-09-13T09:49:14+08:00 ][ info ] [ PARAM ] array (
)
[ 2018-09-13T09:49:14+08:00 ][ info ] [ LANG ] E:\xampp\htdocs\tp5\thinkphp\lang\zh-cn.php
[ info ] [ LOG ] INIT File
[ 2018-09-13T09:49:14+08:00 ][ info ] [ BIND ] 'index/Sregister'
[ 2018-09-13T09:49:14+08:00 ][ info ] [ ROUTE ] array (
  'type' => 'module',
  'module' => 
  array (
    0 => 'index',
    1 => 'Sregister',
    2 => '-q',
  ),
)
[ 2018-09-13T09:49:14+08:00 ][ info ] [ HEADER ] array (
)
[ 2018-09-13T09:49:14+08:00 ][ info ] [ PARAM ] array (
)
[ 2018-09-13T09:49:14+08:00 ][ info ] [ LANG ] E:\xampp\htdocs\tp5\thinkphp\lang\zh-cn.php
[ info ] [ LOG ] INIT File
[ 2018-09-13T09:49:14+08:00 ][ info ] [ BIND ] 'index/Sgateway'
[ 2018-09-13T09:49:14+08:00 ][ info ] [ ROUTE ] array (
  'type' => 'module',
  'module' => 
  array (
    0 => 'index',
    1 => 'Sgateway',
    2 => '-q',
  ),
)
[ 2018-09-13T09:49:14+08:00 ][ info ] [ HEADER ] array (
)
[ 2018-09-13T09:49:14+08:00 ][ info ] [ PARAM ] array (
)
[ 2018-09-13T09:49:14+08:00 ][ info ] [ LANG ] E:\xampp\htdocs\tp5\thinkphp\lang\zh-cn.php
[ info ] [ LOG ] INIT File
[ 2018-09-13T09:49:14+08:00 ][ info ] [ BIND ] 'index/Sbusinessworker'
[ 2018-09-13T09:49:14+08:00 ][ info ] [ ROUTE ] array (
  'type' => 'module',
  'module' => 
  array (
    0 => 'index',
    1 => 'Sbusinessworker',
    2 => '-q',
  ),
)
[ 2018-09-13T09:49:14+08:00 ][ info ] [ HEADER ] array (
)
[ 2018-09-13T09:49:14+08:00 ][ info ] [ PARAM ] array (
)
[ 2018-09-13T09:51:42+08:00 ][ info ] [ LANG ] E:\xampp\htdocs\tp5\thinkphp\lang\zh-cn.php
[ info ] [ LOG ] INIT File
[ 2018-09-13T09:51:42+08:00 ][ info ] [ BIND ] 'index/Sregister'
[ 2018-09-13T09:51:42+08:00 ][ info ] [ ROUTE ] array (
  'type' => 'module',
  'module' => 
  array (
    0 => 'index',
    1 => 'Sregister',
    2 => '-q',
  ),
)
[ 2018-09-13T09:51:42+08:00 ][ info ] [ HEADER ] array (
)
[ 2018-09-13T09:51:42+08:00 ][ info ] [ LANG ] E:\xampp\htdocs\tp5\thinkphp\lang\zh-cn.php
[ info ] [ LOG ] INIT File
[ 2018-09-13T09:51:42+08:00 ][ info ] [ BIND ] 'index/Sgateway'
[ 2018-09-13T09:51:42+08:00 ][ info ] [ ROUTE ] array (
  'type' => 'module',
  'module' => 
  array (
    0 => 'index',
    1 => 'Sgateway',
    2 => '-q',
  ),
)
[ 2018-09-13T09:51:42+08:00 ][ info ] [ HEADER ] array (
)
[ 2018-09-13T09:51:42+08:00 ][ info ] [ PARAM ] array (
)
[ 2018-09-13T09:51:42+08:00 ][ info ] [ LANG ] E:\xampp\htdocs\tp5\thinkphp\lang\zh-cn.php
[ info ] [ LOG ] INIT File
[ 2018-09-13T09:51:42+08:00 ][ info ] [ BIND ] 'index/Sbusinessworker'
[ 2018-09-13T09:51:42+08:00 ][ info ] [ ROUTE ] array (
  'type' => 'module',
  'module' => 
  array (
    0 => 'index',
    1 => 'Sbusinessworker',
    2 => '-q',
  ),
)
[ 2018-09-13T09:51:42+08:00 ][ info ] [ HEADER ] array (
)
[ 2018-09-13T09:51:42+08:00 ][ info ] [ PARAM ] array (
)
[ 2018-09-13T09:51:44+08:00 ][ info ] [ LANG ] E:\xampp\htdocs\tp5\thinkphp\lang\zh-cn.php
[ info ] [ LOG ] INIT File
[ 2018-09-13T09:51:44+08:00 ][ info ] [ BIND ] 'index/Sgateway'
[ 2018-09-13T09:51:44+08:00 ][ info ] [ ROUTE ] array (
  'type' => 'module',
  'module' => 
  array (
    0 => 'index',
    1 => 'Sgateway',
    2 => '-q',
  ),
)
[ 2018-09-13T09:51:44+08:00 ][ info ] [ HEADER ] array (
)
[ 2018-09-13T09:51:44+08:00 ][ info ] [ PARAM ] array (
)
[ 2018-09-13T09:51:44+08:00 ][ info ] [ LANG ] E:\xampp\htdocs\tp5\thinkphp\lang\zh-cn.php
[ info ] [ LOG ] INIT File
[ 2018-09-13T09:51:44+08:00 ][ info ] [ BIND ] 'index/Sbusinessworker'
[ 2018-09-13T09:51:44+08:00 ][ info ] [ ROUTE ] array (
  'type' => 'module',
  'module' => 
  array (
    0 => 'index',
    1 => 'Sbusinessworker',
    2 => '-q',
  ),
)
[ 2018-09-13T09:51:44+08:00 ][ info ] [ HEADER ] array (
)
[ 2018-09-13T09:51:44+08:00 ][ info ] [ PARAM ] array (
)
[ 2018-09-13T09:51:47+08:00 ][ info ] [ LANG ] E:\xampp\htdocs\tp5\thinkphp\lang\zh-cn.php
[ info ] [ LOG ] INIT File
[ 2018-09-13T09:51:47+08:00 ][ info ] [ BIND ] 'index/Sgateway'
[ 2018-09-13T09:51:47+08:00 ][ info ] [ ROUTE ] array (
  'type' => 'module',
  'module' => 
  array (
    0 => 'index',
    1 => 'Sgateway',
    2 => '-q',
  ),
)
[ 2018-09-13T09:51:47+08:00 ][ info ] [ HEADER ] array (
)
[ 2018-09-13T09:51:47+08:00 ][ info ] [ PARAM ] array (
)
[ 2018-09-13T09:51:47+08:00 ][ info ] [ LANG ] E:\xampp\htdocs\tp5\thinkphp\lang\zh-cn.php
[ info ] [ LOG ] INIT File
[ 2018-09-13T09:51:47+08:00 ][ info ] [ BIND ] 'index/Sbusinessworker'
[ 2018-09-13T09:51:47+08:00 ][ info ] [ ROUTE ] array (
  'type' => 'module',
  'module' => 
  array (
    0 => 'index',
    1 => 'Sbusinessworker',
    2 => '-q',
  ),
)
[ 2018-09-13T09:51:47+08:00 ][ info ] [ HEADER ] array (
)
[ 2018-09-13T09:51:47+08:00 ][ info ] [ PARAM ] array (
)
[ 2018-09-13T09:51:51+08:00 ][ info ] [ LANG ] E:\xampp\htdocs\tp5\thinkphp\lang\zh-cn.php
[ info ] [ LOG ] INIT File
[ 2018-09-13T09:51:51+08:00 ][ info ] [ BIND ] 'index/Sgateway'
[ 2018-09-13T09:51:51+08:00 ][ info ] [ ROUTE ] array (
  'type' => 'module',
  'module' => 
  array (
    0 => 'index',
    1 => 'Sgateway',
    2 => '-q',
  ),
)
[ 2018-09-13T09:51:51+08:00 ][ info ] [ HEADER ] array (
)
[ 2018-09-13T09:51:51+08:00 ][ info ] [ PARAM ] array (
)
[ 2018-09-13T09:51:56+08:00 ][ info ] [ LANG ] E:\xampp\htdocs\tp5\thinkphp\lang\zh-cn.php
[ info ] [ LOG ] INIT File
[ 2018-09-13T09:51:56+08:00 ][ info ] [ BIND ] 'index/Sregister'
[ 2018-09-13T09:51:56+08:00 ][ info ] [ ROUTE ] array (
  'type' => 'module',
  'module' => 
  array (
    0 => 'index',
    1 => 'Sregister',
    2 => 'start_gateway.php',
  ),
)
[ 2018-09-13T09:51:56+08:00 ][ info ] [ HEADER ] array (
)
[ 2018-09-13T09:51:56+08:00 ][ info ] [ PARAM ] array (
)
[ 2018-09-13T09:51:56+08:00 ][ info ] [ LANG ] E:\xampp\htdocs\tp5\thinkphp\lang\zh-cn.php
[ info ] [ LOG ] INIT File
[ 2018-09-13T09:51:56+08:00 ][ info ] [ BIND ] 'index/Sregister'
[ 2018-09-13T09:51:56+08:00 ][ info ] [ ROUTE ] array (
  'type' => 'module',
  'module' => 
  array (
    0 => 'index',
    1 => 'Sregister',
    2 => '-q',
  ),
)
[ 2018-09-13T09:51:56+08:00 ][ info ] [ HEADER ] array (
)
[ 2018-09-13T09:51:56+08:00 ][ info ] [ PARAM ] array (
)
[ 2018-09-13T09:51:56+08:00 ][ info ] [ LANG ] E:\xampp\htdocs\tp5\thinkphp\lang\zh-cn.php
[ info ] [ LOG ] INIT File
[ 2018-09-13T09:51:56+08:00 ][ info ] [ BIND ] 'index/Sgateway'
[ 2018-09-13T09:51:56+08:00 ][ info ] [ ROUTE ] array (
  'type' => 'module',
  'module' => 
  array (
    0 => 'index',
    1 => 'Sgateway',
    2 => '-q',
  ),
)
[ 2018-09-13T09:51:56+08:00 ][ info ] [ HEADER ] array (
)
[ 2018-09-13T09:51:56+08:00 ][ info ] [ PARAM ] array (
)
[ 2018-09-13T09:51:56+08:00 ][ info ] [ LANG ] E:\xampp\htdocs\tp5\thinkphp\lang\zh-cn.php
[ info ] [ LOG ] INIT File
[ 2018-09-13T09:51:56+08:00 ][ info ] [ BIND ] 'index/Sbusinessworker'
[ 2018-09-13T09:51:56+08:00 ][ info ] [ ROUTE ] array (
  'type' => 'module',
  'module' => 
  array (
    0 => 'index',
    1 => 'Sbusinessworker',
    2 => '-q',
  ),
)
[ 2018-09-13T09:51:56+08:00 ][ info ] [ HEADER ] array (
)
[ 2018-09-13T09:51:56+08:00 ][ info ] [ PARAM ] array (
)
[ 2018-09-13T09:57:02+08:00 ][ info ] [ LANG ] E:\xampp\htdocs\tp5\thinkphp\lang\zh-cn.php
[ info ] [ LOG ] INIT File
[ 2018-09-13T09:57:02+08:00 ][ info ] [ BIND ] 'index/Sgateway'
[ 2018-09-13T09:57:02+08:00 ][ info ] [ ROUTE ] array (
  'type' => 'module',
  'module' => 
  array (
    0 => 'index',
    1 => 'Sgateway',
    2 => '-q',
  ),
)
[ 2018-09-13T09:57:02+08:00 ][ info ] [ HEADER ] array (
)
[ 2018-09-13T09:57:02+08:00 ][ info ] [ BIND ] 'index/Sbusinessworker'
[ 2018-09-13T09:57:02+08:00 ][ info ] [ PARAM ] array (
)
[ 2018-09-13T09:57:02+08:00 ][ info ] [ ROUTE ] array (
  'type' => 'module',
  'module' => 
  array (
    0 => 'index',
    1 => 'Sbusinessworker',
    2 => '-q',
  ),
)
[ 2018-09-13T09:57:02+08:00 ][ info ] [ HEADER ] array (
)
[ 2018-09-13T09:57:02+08:00 ][ info ] [ PARAM ] array (
)
[ 2018-09-13T09:57:07+08:00 ][ info ] [ LANG ] E:\xampp\htdocs\tp5\thinkphp\lang\zh-cn.php
[ info ] [ LOG ] INIT File
[ 2018-09-13T09:57:07+08:00 ][ info ] [ BIND ] 'index/Sregister'
[ 2018-09-13T09:57:07+08:00 ][ info ] [ ROUTE ] array (
  'type' => 'module',
  'module' => 
  array (
    0 => 'index',
    1 => 'Sregister',
    2 => 'start_gateway.php',
  ),
)
[ 2018-09-13T09:57:07+08:00 ][ info ] [ HEADER ] array (
)
[ 2018-09-13T09:57:07+08:00 ][ info ] [ PARAM ] array (
)
[ 2018-09-13T09:57:07+08:00 ][ info ] [ LANG ] E:\xampp\htdocs\tp5\thinkphp\lang\zh-cn.php
[ info ] [ LOG ] INIT File
[ 2018-09-13T09:57:07+08:00 ][ info ] [ BIND ] 'index/Sregister'
[ 2018-09-13T09:57:07+08:00 ][ info ] [ ROUTE ] array (
  'type' => 'module',
  'module' => 
  array (
    0 => 'index',
    1 => 'Sregister',
    2 => '-q',
  ),
)
[ 2018-09-13T09:57:07+08:00 ][ info ] [ HEADER ] array (
)
[ 2018-09-13T09:57:07+08:00 ][ info ] [ PARAM ] array (
)
[ 2018-09-13T09:57:07+08:00 ][ info ] [ LANG ] E:\xampp\htdocs\tp5\thinkphp\lang\zh-cn.php
[ info ] [ LOG ] INIT File
[ 2018-09-13T09:57:07+08:00 ][ info ] [ BIND ] 'index/Sgateway'
[ 2018-09-13T09:57:07+08:00 ][ info ] [ ROUTE ] array (
  'type' => 'module',
  'module' => 
  array (
    0 => 'index',
    1 => 'Sgateway',
    2 => '-q',
  ),
)
[ 2018-09-13T09:57:07+08:00 ][ info ] [ HEADER ] array (
)
[ 2018-09-13T09:57:07+08:00 ][ info ] [ PARAM ] array (
)
[ 2018-09-13T09:57:07+08:00 ][ info ] [ LANG ] E:\xampp\htdocs\tp5\thinkphp\lang\zh-cn.php
[ info ] [ LOG ] INIT File
[ 2018-09-13T09:57:07+08:00 ][ info ] [ BIND ] 'index/Sbusinessworker'
[ 2018-09-13T09:57:07+08:00 ][ info ] [ ROUTE ] array (
  'type' => 'module',
  'module' => 
  array (
    0 => 'index',
    1 => 'Sbusinessworker',
    2 => '-q',
  ),
)
[ 2018-09-13T09:57:07+08:00 ][ info ] [ HEADER ] array (
)
[ 2018-09-13T09:57:07+08:00 ][ info ] [ PARAM ] array (
)
[ 2018-09-13T10:01:06+08:00 ][ info ] [ LANG ] E:\xampp\htdocs\tp5\thinkphp\lang\zh-cn.php
[ info ] [ LOG ] INIT File
[ 2018-09-13T10:01:06+08:00 ][ info ] [ BIND ] 'index/Sregister'
[ 2018-09-13T10:01:06+08:00 ][ info ] [ ROUTE ] array (
  'type' => 'module',
  'module' => 
  array (
    0 => 'index',
    1 => 'Sregister',
    2 => 'start_gateway.php',
  ),
)
[ 2018-09-13T10:01:06+08:00 ][ info ] [ HEADER ] array (
)
[ 2018-09-13T10:01:06+08:00 ][ info ] [ PARAM ] array (
)
[ 2018-09-13T10:01:06+08:00 ][ info ] [ LANG ] E:\xampp\htdocs\tp5\thinkphp\lang\zh-cn.php
[ info ] [ LOG ] INIT File
[ 2018-09-13T10:01:06+08:00 ][ info ] [ BIND ] 'index/Sregister'
[ 2018-09-13T10:01:06+08:00 ][ info ] [ ROUTE ] array (
  'type' => 'module',
  'module' => 
  array (
    0 => 'index',
    1 => 'Sregister',
    2 => '-q',
  ),
)
[ 2018-09-13T10:01:06+08:00 ][ info ] [ HEADER ] array (
)
[ 2018-09-13T10:01:06+08:00 ][ info ] [ PARAM ] array (
)
[ 2018-09-13T10:01:06+08:00 ][ info ] [ LANG ] E:\xampp\htdocs\tp5\thinkphp\lang\zh-cn.php
[ info ] [ LOG ] INIT File
[ 2018-09-13T10:01:06+08:00 ][ info ] [ BIND ] 'index/Sgateway'
[ 2018-09-13T10:01:06+08:00 ][ info ] [ ROUTE ] array (
  'type' => 'module',
  'module' => 
  array (
    0 => 'index',
    1 => 'Sgateway',
    2 => '-q',
  ),
)
[ 2018-09-13T10:01:06+08:00 ][ info ] [ HEADER ] array (
)
[ 2018-09-13T10:01:07+08:00 ][ info ] [ PARAM ] array (
)
[ 2018-09-13T10:01:07+08:00 ][ info ] [ LANG ] E:\xampp\htdocs\tp5\thinkphp\lang\zh-cn.php
[ info ] [ LOG ] INIT File
[ 2018-09-13T10:01:07+08:00 ][ info ] [ BIND ] 'index/Sbusinessworker'
[ 2018-09-13T10:01:07+08:00 ][ info ] [ ROUTE ] array (
  'type' => 'module',
  'module' => 
  array (
    0 => 'index',
    1 => 'Sbusinessworker',
    2 => '-q',
  ),
)
[ 2018-09-13T10:01:07+08:00 ][ info ] [ HEADER ] array (
)
[ 2018-09-13T10:01:07+08:00 ][ info ] [ PARAM ] array (
)
[ 2018-09-13T10:01:11+08:00 ][ info ] [ LANG ] E:\xampp\htdocs\tp5\thinkphp\lang\zh-cn.php
[ info ] [ LOG ] INIT File
[ 2018-09-13T10:01:11+08:00 ][ info ] [ BIND ] 'index/Sbusinessworker'
[ 2018-09-13T10:01:11+08:00 ][ info ] [ ROUTE ] array (
  'type' => 'module',
  'module' => 
  array (
    0 => 'index',
    1 => 'Sbusinessworker',
    2 => '-q',
  ),
)
[ 2018-09-13T10:01:11+08:00 ][ info ] [ HEADER ] array (
)
[ 2018-09-13T10:01:11+08:00 ][ info ] [ PARAM ] array (
)
[ 2018-09-13T10:01:11+08:00 ][ info ] [ LANG ] E:\xampp\htdocs\tp5\thinkphp\lang\zh-cn.php
[ info ] [ LOG ] INIT File
[ 2018-09-13T10:01:11+08:00 ][ info ] [ BIND ] 'index/Sgateway'
[ 2018-09-13T10:01:11+08:00 ][ info ] [ ROUTE ] array (
  'type' => 'module',
  'module' => 
  array (
    0 => 'index',
    1 => 'Sgateway',
    2 => '-q',
  ),
)
[ 2018-09-13T10:01:11+08:00 ][ info ] [ HEADER ] array (
)
[ 2018-09-13T10:01:11+08:00 ][ info ] [ PARAM ] array (
)
[ 2018-09-13T10:01:15+08:00 ][ info ] [ LANG ] E:\xampp\htdocs\tp5\thinkphp\lang\zh-cn.php
[ info ] [ LOG ] INIT File
[ 2018-09-13T10:01:15+08:00 ][ info ] [ BIND ] 'index/Sbusinessworker'
[ 2018-09-13T10:01:15+08:00 ][ info ] [ ROUTE ] array (
  'type' => 'module',
  'module' => 
  array (
    0 => 'index',
    1 => 'Sbusinessworker',
    2 => '-q',
  ),
)
[ 2018-09-13T10:01:15+08:00 ][ info ] [ HEADER ] array (
)
[ 2018-09-13T10:01:15+08:00 ][ info ] [ PARAM ] array (
)
[ 2018-09-13T10:01:16+08:00 ][ info ] [ LANG ] E:\xampp\htdocs\tp5\thinkphp\lang\zh-cn.php
[ info ] [ LOG ] INIT File
[ 2018-09-13T10:01:16+08:00 ][ info ] [ BIND ] 'index/Sgateway'
[ 2018-09-13T10:01:16+08:00 ][ info ] [ ROUTE ] array (
  'type' => 'module',
  'module' => 
  array (
    0 => 'index',
    1 => 'Sgateway',
    2 => '-q',
  ),
)
[ 2018-09-13T10:01:16+08:00 ][ info ] [ HEADER ] array (
)
[ 2018-09-13T10:01:16+08:00 ][ info ] [ PARAM ] array (
)
[ 2018-09-13T10:01:19+08:00 ][ info ] [ LANG ] E:\xampp\htdocs\tp5\thinkphp\lang\zh-cn.php
[ info ] [ LOG ] INIT File
[ 2018-09-13T10:01:19+08:00 ][ info ] [ BIND ] 'index/Sbusinessworker'
[ 2018-09-13T10:01:19+08:00 ][ info ] [ ROUTE ] array (
  'type' => 'module',
  'module' => 
  array (
    0 => 'index',
    1 => 'Sbusinessworker',
    2 => '-q',
  ),
)
[ 2018-09-13T10:01:19+08:00 ][ info ] [ HEADER ] array (
)
[ 2018-09-13T10:01:19+08:00 ][ info ] [ PARAM ] array (
)
[ 2018-09-13T10:01:20+08:00 ][ info ] [ LANG ] E:\xampp\htdocs\tp5\thinkphp\lang\zh-cn.php
[ info ] [ LOG ] INIT File
[ 2018-09-13T10:01:20+08:00 ][ info ] [ BIND ] 'index/Sgateway'
[ 2018-09-13T10:01:20+08:00 ][ info ] [ ROUTE ] array (
  'type' => 'module',
  'module' => 
  array (
    0 => 'index',
    1 => 'Sgateway',
    2 => '-q',
  ),
)
[ 2018-09-13T10:01:20+08:00 ][ info ] [ HEADER ] array (
)
[ 2018-09-13T10:01:20+08:00 ][ info ] [ PARAM ] array (
)
[ 2018-09-13T10:01:23+08:00 ][ info ] [ LANG ] E:\xampp\htdocs\tp5\thinkphp\lang\zh-cn.php
[ info ] [ LOG ] INIT File
[ 2018-09-13T10:01:23+08:00 ][ info ] [ BIND ] 'index/Sbusinessworker'
[ 2018-09-13T10:01:23+08:00 ][ info ] [ ROUTE ] array (
  'type' => 'module',
  'module' => 
  array (
    0 => 'index',
    1 => 'Sbusinessworker',
    2 => '-q',
  ),
)
[ 2018-09-13T10:01:23+08:00 ][ info ] [ HEADER ] array (
)
[ 2018-09-13T10:01:23+08:00 ][ info ] [ PARAM ] array (
)
[ 2018-09-13T10:01:25+08:00 ][ info ] [ LANG ] E:\xampp\htdocs\tp5\thinkphp\lang\zh-cn.php
[ info ] [ LOG ] INIT File
[ 2018-09-13T10:01:25+08:00 ][ info ] [ BIND ] 'index/Sgateway'
[ 2018-09-13T10:01:25+08:00 ][ info ] [ ROUTE ] array (
  'type' => 'module',
  'module' => 
  array (
    0 => 'index',
    1 => 'Sgateway',
    2 => '-q',
  ),
)
[ 2018-09-13T10:01:25+08:00 ][ info ] [ HEADER ] array (
)
[ 2018-09-13T10:01:25+08:00 ][ info ] [ PARAM ] array (
)
[ 2018-09-13T10:01:27+08:00 ][ info ] [ LANG ] E:\xampp\htdocs\tp5\thinkphp\lang\zh-cn.php
[ info ] [ LOG ] INIT File
[ 2018-09-13T10:01:27+08:00 ][ info ] [ BIND ] 'index/Sbusinessworker'
[ 2018-09-13T10:01:27+08:00 ][ info ] [ ROUTE ] array (
  'type' => 'module',
  'module' => 
  array (
    0 => 'index',
    1 => 'Sbusinessworker',
    2 => '-q',
  ),
)
[ 2018-09-13T10:01:27+08:00 ][ info ] [ HEADER ] array (
)
[ 2018-09-13T10:01:27+08:00 ][ info ] [ PARAM ] array (
)
[ 2018-09-13T10:01:29+08:00 ][ info ] [ LANG ] E:\xampp\htdocs\tp5\thinkphp\lang\zh-cn.php
[ info ] [ LOG ] INIT File
[ 2018-09-13T10:01:29+08:00 ][ info ] [ BIND ] 'index/Sgateway'
[ 2018-09-13T10:01:29+08:00 ][ info ] [ ROUTE ] array (
  'type' => 'module',
  'module' => 
  array (
    0 => 'index',
    1 => 'Sgateway',
    2 => '-q',
  ),
)
[ 2018-09-13T10:01:29+08:00 ][ info ] [ HEADER ] array (
)
[ 2018-09-13T10:01:29+08:00 ][ info ] [ PARAM ] array (
)
[ 2018-09-13T10:01:31+08:00 ][ info ] [ LANG ] E:\xampp\htdocs\tp5\thinkphp\lang\zh-cn.php
[ info ] [ LOG ] INIT File
[ 2018-09-13T10:01:31+08:00 ][ info ] [ BIND ] 'index/Sbusinessworker'
[ 2018-09-13T10:01:31+08:00 ][ info ] [ ROUTE ] array (
  'type' => 'module',
  'module' => 
  array (
    0 => 'index',
    1 => 'Sbusinessworker',
    2 => '-q',
  ),
)
[ 2018-09-13T10:01:31+08:00 ][ info ] [ HEADER ] array (
)
[ 2018-09-13T10:01:31+08:00 ][ info ] [ PARAM ] array (
)
[ 2018-09-13T10:01:34+08:00 ][ info ] [ LANG ] E:\xampp\htdocs\tp5\thinkphp\lang\zh-cn.php
[ info ] [ LOG ] INIT File
[ 2018-09-13T10:01:34+08:00 ][ info ] [ BIND ] 'index/Sgateway'
[ 2018-09-13T10:01:34+08:00 ][ info ] [ ROUTE ] array (
  'type' => 'module',
  'module' => 
  array (
    0 => 'index',
    1 => 'Sgateway',
    2 => '-q',
  ),
)
[ 2018-09-13T10:01:34+08:00 ][ info ] [ HEADER ] array (
)
[ 2018-09-13T10:01:34+08:00 ][ info ] [ PARAM ] array (
)
[ 2018-09-13T10:01:35+08:00 ][ info ] [ LANG ] E:\xampp\htdocs\tp5\thinkphp\lang\zh-cn.php
[ info ] [ LOG ] INIT File
[ 2018-09-13T10:01:35+08:00 ][ info ] [ BIND ] 'index/Sbusinessworker'
[ 2018-09-13T10:01:35+08:00 ][ info ] [ ROUTE ] array (
  'type' => 'module',
  'module' => 
  array (
    0 => 'index',
    1 => 'Sbusinessworker',
    2 => '-q',
  ),
)
[ 2018-09-13T10:01:35+08:00 ][ info ] [ HEADER ] array (
)
[ 2018-09-13T10:01:35+08:00 ][ info ] [ PARAM ] array (
)
[ 2018-09-13T10:01:38+08:00 ][ info ] [ LANG ] E:\xampp\htdocs\tp5\thinkphp\lang\zh-cn.php
[ info ] [ LOG ] INIT File
[ 2018-09-13T10:01:38+08:00 ][ info ] [ BIND ] 'index/Sgateway'
[ 2018-09-13T10:01:38+08:00 ][ info ] [ ROUTE ] array (
  'type' => 'module',
  'module' => 
  array (
    0 => 'index',
    1 => 'Sgateway',
    2 => '-q',
  ),
)
[ 2018-09-13T10:01:38+08:00 ][ info ] [ HEADER ] array (
)
[ 2018-09-13T10:01:38+08:00 ][ info ] [ PARAM ] array (
)
[ 2018-09-13T10:01:38+08:00 ][ info ] [ LANG ] E:\xampp\htdocs\tp5\thinkphp\lang\zh-cn.php
[ info ] [ LOG ] INIT File
[ 2018-09-13T10:01:38+08:00 ][ info ] [ BIND ] 'index/Sbusinessworker'
[ 2018-09-13T10:01:38+08:00 ][ info ] [ ROUTE ] array (
  'type' => 'module',
  'module' => 
  array (
    0 => 'index',
    1 => 'Sbusinessworker',
    2 => '-q',
  ),
)
[ 2018-09-13T10:01:38+08:00 ][ info ] [ HEADER ] array (
)
[ 2018-09-13T10:01:38+08:00 ][ info ] [ PARAM ] array (
)
[ 2018-09-13T10:01:41+08:00 ][ info ] [ LANG ] E:\xampp\htdocs\tp5\thinkphp\lang\zh-cn.php
[ info ] [ LOG ] INIT File
[ 2018-09-13T10:01:41+08:00 ][ info ] [ BIND ] 'index/Sgateway'
[ 2018-09-13T10:01:41+08:00 ][ info ] [ ROUTE ] array (
  'type' => 'module',
  'module' => 
  array (
    0 => 'index',
    1 => 'Sgateway',
    2 => '-q',
  ),
)
[ 2018-09-13T10:01:41+08:00 ][ info ] [ HEADER ] array (
)
[ 2018-09-13T10:01:41+08:00 ][ info ] [ PARAM ] array (
)
[ 2018-09-13T10:01:41+08:00 ][ info ] [ LANG ] E:\xampp\htdocs\tp5\thinkphp\lang\zh-cn.php
[ info ] [ LOG ] INIT File
[ 2018-09-13T10:01:41+08:00 ][ info ] [ BIND ] 'index/Sbusinessworker'
[ 2018-09-13T10:01:41+08:00 ][ info ] [ ROUTE ] array (
  'type' => 'module',
  'module' => 
  array (
    0 => 'index',
    1 => 'Sbusinessworker',
    2 => '-q',
  ),
)
[ 2018-09-13T10:01:41+08:00 ][ info ] [ HEADER ] array (
)
[ 2018-09-13T10:01:41+08:00 ][ info ] [ PARAM ] array (
)
[ 2018-09-13T10:01:45+08:00 ][ info ] [ LANG ] E:\xampp\htdocs\tp5\thinkphp\lang\zh-cn.php
[ info ] [ LOG ] INIT File
[ 2018-09-13T10:01:45+08:00 ][ info ] [ BIND ] 'index/Sregister'
[ 2018-09-13T10:01:45+08:00 ][ info ] [ ROUTE ] array (
  'type' => 'module',
  'module' => 
  array (
    0 => 'index',
    1 => 'Sregister',
    2 => 'start_gateway.php',
  ),
)
[ 2018-09-13T10:01:45+08:00 ][ info ] [ HEADER ] array (
)
[ 2018-09-13T10:01:45+08:00 ][ info ] [ PARAM ] array (
)
[ 2018-09-13T10:01:45+08:00 ][ info ] [ LANG ] E:\xampp\htdocs\tp5\thinkphp\lang\zh-cn.php
[ info ] [ LOG ] INIT File
[ 2018-09-13T10:01:45+08:00 ][ info ] [ BIND ] 'index/Sregister'
[ 2018-09-13T10:01:45+08:00 ][ info ] [ ROUTE ] array (
  'type' => 'module',
  'module' => 
  array (
    0 => 'index',
    1 => 'Sregister',
    2 => '-q',
  ),
)
[ 2018-09-13T10:01:45+08:00 ][ info ] [ HEADER ] array (
)
[ 2018-09-13T10:01:45+08:00 ][ info ] [ PARAM ] array (
)
[ 2018-09-13T10:01:45+08:00 ][ info ] [ LANG ] E:\xampp\htdocs\tp5\thinkphp\lang\zh-cn.php
[ info ] [ LOG ] INIT File
[ 2018-09-13T10:01:45+08:00 ][ info ] [ BIND ] 'index/Sgateway'
[ 2018-09-13T10:01:45+08:00 ][ info ] [ ROUTE ] array (
  'type' => 'module',
  'module' => 
  array (
    0 => 'index',
    1 => 'Sgateway',
    2 => '-q',
  ),
)
[ 2018-09-13T10:01:45+08:00 ][ info ] [ HEADER ] array (
)
[ 2018-09-13T10:01:45+08:00 ][ info ] [ PARAM ] array (
)
[ 2018-09-13T10:01:45+08:00 ][ info ] [ LANG ] E:\xampp\htdocs\tp5\thinkphp\lang\zh-cn.php
[ info ] [ LOG ] INIT File
[ 2018-09-13T10:01:45+08:00 ][ info ] [ BIND ] 'index/Sbusinessworker'
[ 2018-09-13T10:01:45+08:00 ][ info ] [ ROUTE ] array (
  'type' => 'module',
  'module' => 
  array (
    0 => 'index',
    1 => 'Sbusinessworker',
    2 => '-q',
  ),
)
[ 2018-09-13T10:01:45+08:00 ][ info ] [ HEADER ] array (
)
[ 2018-09-13T10:01:45+08:00 ][ info ] [ PARAM ] array (
)
[ 2018-09-13T10:01:49+08:00 ][ info ] [ LANG ] E:\xampp\htdocs\tp5\thinkphp\lang\zh-cn.php
[ info ] [ LOG ] INIT File
[ 2018-09-13T10:01:49+08:00 ][ info ] [ BIND ] 'index/Sgateway'
[ 2018-09-13T10:01:49+08:00 ][ info ] [ ROUTE ] array (
  'type' => 'module',
  'module' => 
  array (
    0 => 'index',
    1 => 'Sgateway',
    2 => '-q',
  ),
)
[ 2018-09-13T10:01:49+08:00 ][ info ] [ HEADER ] array (
)
[ 2018-09-13T10:01:49+08:00 ][ info ] [ PARAM ] array (
)
[ 2018-09-13T10:01:54+08:00 ][ info ] [ LANG ] E:\xampp\htdocs\tp5\thinkphp\lang\zh-cn.php
[ info ] [ LOG ] INIT File
[ 2018-09-13T10:01:54+08:00 ][ info ] [ BIND ] 'index/Sgateway'
[ 2018-09-13T10:01:54+08:00 ][ info ] [ ROUTE ] array (
  'type' => 'module',
  'module' => 
  array (
    0 => 'index',
    1 => 'Sgateway',
    2 => '-q',
  ),
)
[ 2018-09-13T10:01:54+08:00 ][ info ] [ HEADER ] array (
)
[ 2018-09-13T10:01:54+08:00 ][ info ] [ PARAM ] array (
)
[ 2018-09-13T10:01:58+08:00 ][ info ] [ LANG ] E:\xampp\htdocs\tp5\thinkphp\lang\zh-cn.php
[ info ] [ LOG ] INIT File
[ 2018-09-13T10:01:58+08:00 ][ info ] [ BIND ] 'index/Sgateway'
[ 2018-09-13T10:01:58+08:00 ][ info ] [ ROUTE ] array (
  'type' => 'module',
  'module' => 
  array (
    0 => 'index',
    1 => 'Sgateway',
    2 => '-q',
  ),
)
[ 2018-09-13T10:01:59+08:00 ][ info ] [ HEADER ] array (
)
[ 2018-09-13T10:01:59+08:00 ][ info ] [ PARAM ] array (
)
[ 2018-09-13T10:02:03+08:00 ][ info ] [ LANG ] E:\xampp\htdocs\tp5\thinkphp\lang\zh-cn.php
[ info ] [ LOG ] INIT File
[ 2018-09-13T10:02:03+08:00 ][ info ] [ BIND ] 'index/Sgateway'
[ 2018-09-13T10:02:03+08:00 ][ info ] [ ROUTE ] array (
  'type' => 'module',
  'module' => 
  array (
    0 => 'index',
    1 => 'Sgateway',
    2 => '-q',
  ),
)
[ 2018-09-13T10:02:03+08:00 ][ info ] [ HEADER ] array (
)
[ 2018-09-13T10:02:03+08:00 ][ info ] [ PARAM ] array (
)
[ 2018-09-13T10:02:07+08:00 ][ info ] [ LANG ] E:\xampp\htdocs\tp5\thinkphp\lang\zh-cn.php
[ info ] [ LOG ] INIT File
[ 2018-09-13T10:02:07+08:00 ][ info ] [ BIND ] 'index/Sgateway'
[ 2018-09-13T10:02:07+08:00 ][ info ] [ ROUTE ] array (
  'type' => 'module',
  'module' => 
  array (
    0 => 'index',
    1 => 'Sgateway',
    2 => '-q',
  ),
)
[ 2018-09-13T10:02:07+08:00 ][ info ] [ HEADER ] array (
)
[ 2018-09-13T10:02:07+08:00 ][ info ] [ PARAM ] array (
)
[ 2018-09-13T10:02:12+08:00 ][ info ] [ LANG ] E:\xampp\htdocs\tp5\thinkphp\lang\zh-cn.php
[ info ] [ LOG ] INIT File
[ 2018-09-13T10:02:12+08:00 ][ info ] [ BIND ] 'index/Sgateway'
[ 2018-09-13T10:02:12+08:00 ][ info ] [ ROUTE ] array (
  'type' => 'module',
  'module' => 
  array (
    0 => 'index',
    1 => 'Sgateway',
    2 => '-q',
  ),
)
[ 2018-09-13T10:02:12+08:00 ][ info ] [ HEADER ] array (
)
[ 2018-09-13T10:02:12+08:00 ][ info ] [ PARAM ] array (
)
[ 2018-09-13T10:02:16+08:00 ][ info ] [ LANG ] E:\xampp\htdocs\tp5\thinkphp\lang\zh-cn.php
[ info ] [ LOG ] INIT File
[ 2018-09-13T10:02:16+08:00 ][ info ] [ BIND ] 'index/Sgateway'
[ 2018-09-13T10:02:16+08:00 ][ info ] [ ROUTE ] array (
  'type' => 'module',
  'module' => 
  array (
    0 => 'index',
    1 => 'Sgateway',
    2 => '-q',
  ),
)
[ 2018-09-13T10:02:16+08:00 ][ info ] [ HEADER ] array (
)
[ 2018-09-13T10:02:16+08:00 ][ info ] [ PARAM ] array (
)
[ 2018-09-13T10:02:21+08:00 ][ info ] [ LANG ] E:\xampp\htdocs\tp5\thinkphp\lang\zh-cn.php
[ info ] [ LOG ] INIT File
[ 2018-09-13T10:02:21+08:00 ][ info ] [ BIND ] 'index/Sgateway'
[ 2018-09-13T10:02:21+08:00 ][ info ] [ ROUTE ] array (
  'type' => 'module',
  'module' => 
  array (
    0 => 'index',
    1 => 'Sgateway',
    2 => '-q',
  ),
)
[ 2018-09-13T10:02:21+08:00 ][ info ] [ HEADER ] array (
)
[ 2018-09-13T10:02:21+08:00 ][ info ] [ PARAM ] array (
)
[ 2018-09-13T10:02:26+08:00 ][ info ] [ LANG ] E:\xampp\htdocs\tp5\thinkphp\lang\zh-cn.php
[ info ] [ LOG ] INIT File
[ 2018-09-13T10:02:26+08:00 ][ info ] [ BIND ] 'index/Sgateway'
[ 2018-09-13T10:02:26+08:00 ][ info ] [ ROUTE ] array (
  'type' => 'module',
  'module' => 
  array (
    0 => 'index',
    1 => 'Sgateway',
    2 => '-q',
  ),
)
[ 2018-09-13T10:02:26+08:00 ][ info ] [ HEADER ] array (
)
[ 2018-09-13T10:02:26+08:00 ][ info ] [ PARAM ] array (
)
[ 2018-09-13T10:02:32+08:00 ][ info ] [ LANG ] E:\xampp\htdocs\tp5\thinkphp\lang\zh-cn.php
[ info ] [ LOG ] INIT File
[ 2018-09-13T10:02:32+08:00 ][ info ] [ BIND ] 'index/Sregister'
[ 2018-09-13T10:02:32+08:00 ][ info ] [ ROUTE ] array (
  'type' => 'module',
  'module' => 
  array (
    0 => 'index',
    1 => 'Sregister',
    2 => 'start_gateway.php',
  ),
)
[ 2018-09-13T10:02:32+08:00 ][ info ] [ HEADER ] array (
)
[ 2018-09-13T10:02:32+08:00 ][ info ] [ PARAM ] array (
)
[ 2018-09-13T10:02:32+08:00 ][ info ] [ LANG ] E:\xampp\htdocs\tp5\thinkphp\lang\zh-cn.php
[ info ] [ LOG ] INIT File
[ 2018-09-13T10:02:32+08:00 ][ info ] [ BIND ] 'index/Sregister'
[ 2018-09-13T10:02:32+08:00 ][ info ] [ ROUTE ] array (
  'type' => 'module',
  'module' => 
  array (
    0 => 'index',
    1 => 'Sregister',
    2 => '-q',
  ),
)
[ 2018-09-13T10:02:32+08:00 ][ info ] [ HEADER ] array (
)
[ 2018-09-13T10:02:32+08:00 ][ info ] [ PARAM ] array (
)
[ 2018-09-13T10:02:33+08:00 ][ info ] [ LANG ] E:\xampp\htdocs\tp5\thinkphp\lang\zh-cn.php
[ info ] [ LOG ] INIT File
[ 2018-09-13T10:02:33+08:00 ][ info ] [ BIND ] 'index/Sgateway'
[ 2018-09-13T10:02:33+08:00 ][ info ] [ ROUTE ] array (
  'type' => 'module',
  'module' => 
  array (
    0 => 'index',
    1 => 'Sgateway',
    2 => '-q',
  ),
)
[ 2018-09-13T10:02:33+08:00 ][ info ] [ HEADER ] array (
)
[ 2018-09-13T10:02:33+08:00 ][ info ] [ PARAM ] array (
)
[ 2018-09-13T10:02:33+08:00 ][ info ] [ LANG ] E:\xampp\htdocs\tp5\thinkphp\lang\zh-cn.php
[ info ] [ LOG ] INIT File
[ 2018-09-13T10:02:33+08:00 ][ info ] [ BIND ] 'index/Sbusinessworker'
[ 2018-09-13T10:02:33+08:00 ][ info ] [ ROUTE ] array (
  'type' => 'module',
  'module' => 
  array (
    0 => 'index',
    1 => 'Sbusinessworker',
    2 => '-q',
  ),
)
[ 2018-09-13T10:02:33+08:00 ][ info ] [ HEADER ] array (
)
[ 2018-09-13T10:02:33+08:00 ][ info ] [ PARAM ] array (
)
[ 2018-09-13T12:07:12+08:00 ][ info ] [ LANG ] E:\xampp\htdocs\tp5\thinkphp\lang\zh-cn.php
[ info ] [ LOG ] INIT File
[ 2018-09-13T12:07:12+08:00 ][ info ] [ BIND ] 'index/Sregister'
[ 2018-09-13T12:07:12+08:00 ][ info ] [ ROUTE ] array (
  'type' => 'module',
  'module' => 
  array (
    0 => 'index',
    1 => 'Sregister',
    2 => 'start_gateway.php',
  ),
)
[ 2018-09-13T12:07:12+08:00 ][ info ] [ HEADER ] array (
)
[ 2018-09-13T12:07:12+08:00 ][ info ] [ PARAM ] array (
)
[ 2018-09-13T12:07:12+08:00 ][ info ] [ LANG ] E:\xampp\htdocs\tp5\thinkphp\lang\zh-cn.php
[ info ] [ LOG ] INIT File
[ 2018-09-13T12:07:12+08:00 ][ info ] [ BIND ] 'index/Sregister'
[ 2018-09-13T12:07:12+08:00 ][ info ] [ ROUTE ] array (
  'type' => 'module',
  'module' => 
  array (
    0 => 'index',
    1 => 'Sregister',
    2 => '-q',
  ),
)
[ 2018-09-13T12:07:12+08:00 ][ info ] [ HEADER ] array (
)
[ 2018-09-13T12:07:12+08:00 ][ info ] [ PARAM ] array (
)
[ 2018-09-13T12:07:12+08:00 ][ info ] [ LANG ] E:\xampp\htdocs\tp5\thinkphp\lang\zh-cn.php
[ info ] [ LOG ] INIT File
[ 2018-09-13T12:07:13+08:00 ][ info ] [ BIND ] 'index/Sgateway'
[ 2018-09-13T12:07:13+08:00 ][ info ] [ ROUTE ] array (
  'type' => 'module',
  'module' => 
  array (
    0 => 'index',
    1 => 'Sgateway',
    2 => '-q',
  ),
)
[ 2018-09-13T12:07:13+08:00 ][ info ] [ HEADER ] array (
)
[ 2018-09-13T12:07:13+08:00 ][ info ] [ PARAM ] array (
)
[ 2018-09-13T12:07:13+08:00 ][ info ] [ LANG ] E:\xampp\htdocs\tp5\thinkphp\lang\zh-cn.php
[ info ] [ LOG ] INIT File
[ 2018-09-13T12:07:13+08:00 ][ info ] [ BIND ] 'index/Sbusinessworker'
[ 2018-09-13T12:07:13+08:00 ][ info ] [ ROUTE ] array (
  'type' => 'module',
  'module' => 
  array (
    0 => 'index',
    1 => 'Sbusinessworker',
    2 => '-q',
  ),
)
[ 2018-09-13T12:07:13+08:00 ][ info ] [ HEADER ] array (
)
[ 2018-09-13T12:07:13+08:00 ][ info ] [ PARAM ] array (
)
[ 2018-09-13T17:25:03+08:00 ][ info ] [ LANG ] E:\xampp\htdocs\tp5\thinkphp\lang\zh-cn.php
[ info ] [ LOG ] INIT File
[ 2018-09-13T17:25:03+08:00 ][ info ] [ BIND ] 'index/Sbusinessworker'
[ 2018-09-13T17:25:03+08:00 ][ info ] [ LANG ] E:\xampp\htdocs\tp5\thinkphp\lang\zh-cn.php
[ info ] [ LOG ] INIT File
[ 2018-09-13T17:25:03+08:00 ][ info ] [ ROUTE ] array (
  'type' => 'module',
  'module' => 
  array (
    0 => 'index',
    1 => 'Sbusinessworker',
    2 => '-q',
  ),
)
[ 2018-09-13T17:25:03+08:00 ][ info ] [ BIND ] 'index/Sgateway'
[ 2018-09-13T17:25:03+08:00 ][ info ] [ HEADER ] array (
)
[ 2018-09-13T17:25:03+08:00 ][ info ] [ ROUTE ] array (
  'type' => 'module',
  'module' => 
  array (
    0 => 'index',
    1 => 'Sgateway',
    2 => '-q',
  ),
)
[ 2018-09-13T17:25:03+08:00 ][ info ] [ HEADER ] array (
)
[ 2018-09-13T17:25:03+08:00 ][ info ] [ PARAM ] array (
)
[ 2018-09-13T17:25:04+08:00 ][ info ] [ LANG ] E:\xampp\htdocs\tp5\thinkphp\lang\zh-cn.php
[ info ] [ LOG ] INIT File
[ 2018-09-13T17:25:04+08:00 ][ info ] [ BIND ] 'index/Sgateway'
[ 2018-09-13T17:25:04+08:00 ][ info ] [ ROUTE ] array (
  'type' => 'module',
  'module' => 
  array (
    0 => 'index',
    1 => 'Sgateway',
    2 => '-q',
  ),
)
[ 2018-09-13T17:25:04+08:00 ][ info ] [ HEADER ] array (
)
[ 2018-09-13T17:25:04+08:00 ][ info ] [ PARAM ] array (
)
[ 2018-09-13T17:25:04+08:00 ][ info ] [ LANG ] E:\xampp\htdocs\tp5\thinkphp\lang\zh-cn.php
[ info ] [ LOG ] INIT File
[ 2018-09-13T17:25:04+08:00 ][ info ] [ BIND ] 'index/Sbusinessworker'
[ 2018-09-13T17:25:04+08:00 ][ info ] [ ROUTE ] array (
  'type' => 'module',
  'module' => 
  array (
    0 => 'index',
    1 => 'Sbusinessworker',
    2 => '-q',
  ),
)
[ 2018-09-13T17:25:04+08:00 ][ info ] [ HEADER ] array (
)
[ 2018-09-13T17:25:04+08:00 ][ info ] [ PARAM ] array (
)
