---------------------------------------------------------------
[ 2018-09-14T16:02:37+08:00 ] 192.168.2.198 GET /family/index/test
[ info ] dixzah.natappfree.cc/family/index/test [运行时间：0.623692s][吞吐率：1.60req/s] [内存消耗：2,114.02kb] [文件加载：41]
[ info ] [ LANG ] E:\xampp\htdocs\myblog\thinkphp\lang\zh-cn.php
[ info ] [ ROUTE ] array (
  'type' => 'module',
  'module' => 
  array (
    0 => 'family',
    1 => 'index',
    2 => 'test',
  ),
)
[ info ] [ HEADER ] array (
  'host' => 'dixzah.natappfree.cc',
  'user-agent' => 'Mozilla/5.0 (Windows NT 10.0; WOW64) AppleWebKit/537.36 (KHTML, like Gecko) Chrome/68.0.3440.106 Safari/537.36',
  'accept' => 'text/html,application/xhtml+xml,application/xml;q=0.9,image/webp,image/apng,*/*;q=0.8',
  'accept-encoding' => 'gzip, deflate',
  'accept-language' => 'zh-CN,zh;q=0.9',
  'cache-control' => 'no-cache',
  'connection' => 'keep-alive',
  'pragma' => 'no-cache',
  'upgrade-insecure-requests' => '1',
  'x-natapp-ip' => '119.6.58.10',
  'x-real-ip' => '119.6.58.10',
)
[ info ] [ PARAM ] array (
)
[ info ] [ RUN ] app\family\controller\Index->test[ E:\xampp\htdocs\myblog\application\family\controller\Index.php ]
[ info ] [ DB ] INIT mysql
[ info ] [ LOG ] INIT File
[ sql ] [ DB ] CONNECT:[ UseTime:0.242103s ] mysql:host=47.100.185.254;dbname=wuwu;charset=utf8
[ sql ] [ SQL ] SHOW COLUMNS FROM `chat_user` [ RunTime:0.152543s ]
[ sql ] [ SQL ] SELECT * FROM `chat_user` [ RunTime:0.140049s ]
